2025-11-30 19:20:23,154 INFO [org.hibernate.Version] - HHH000412: Hibernate ORM core version 7.1.10.Final
2025-11-30 19:20:23,671 WARN [org.hibernate.orm.connections.pooling] - HHH10001002: Using built-in connection pool (not intended for production use)
2025-11-30 19:20:24,037 WARN [org.hibernate.orm.deprecation] - HHH90000025: PostgreSQLDialect does not need to be specified explicitly using 'hibernate.dialect' (remove the property setting and it will be selected by default)
2025-11-30 19:20:24,057 INFO [org.hibernate.orm.connections.pooling] - HHH10001005: Database info:
	Database JDBC URL [jdbc:postgresql://localhost:5432/postgres]
	Database driver: PostgreSQL JDBC Driver
	Database dialect: PostgreSQLDialect
	Database version: 18.1
	Default catalog/schema: postgres/public
	Autocommit mode: false
	Isolation level: READ_COMMITTED
	JDBC fetch size: none
	Pool: DriverManagerConnectionProviderImpl
	Minimum pool size: 1
	Maximum pool size: 20
2025-11-30 19:20:24,781 INFO [org.hibernate.engine.transaction.jta.platform.internal.JtaPlatformInitiator] - HHH000489: No JTA platform available (set 'hibernate.transaction.jta.platform' to enable JTA platform integration)
2025-11-30 19:20:24,864 WARN [org.hibernate.orm.jdbc.error] - HHH000247: ErrorCode: 0, SQLState: 23505
2025-11-30 19:20:24,864 WARN [org.hibernate.orm.jdbc.error] - ОШИБКА: duplicate key value violates unique constraint "users_username_key"
  Подробности: Key (username)=(artem.potapov23071@gmail.com@mail.ru) already exists.
2025-11-30 19:20:48,684 INFO [org.hibernate.Version] - HHH000412: Hibernate ORM core version 7.1.10.Final
2025-11-30 19:20:49,168 WARN [org.hibernate.orm.connections.pooling] - HHH10001002: Using built-in connection pool (not intended for production use)
2025-11-30 19:20:49,555 WARN [org.hibernate.orm.deprecation] - HHH90000025: PostgreSQLDialect does not need to be specified explicitly using 'hibernate.dialect' (remove the property setting and it will be selected by default)
2025-11-30 19:20:49,573 INFO [org.hibernate.orm.connections.pooling] - HHH10001005: Database info:
	Database JDBC URL [jdbc:postgresql://localhost:5432/postgres]
	Database driver: PostgreSQL JDBC Driver
	Database dialect: PostgreSQLDialect
	Database version: 18.1
	Default catalog/schema: postgres/public
	Autocommit mode: false
	Isolation level: READ_COMMITTED
	JDBC fetch size: none
	Pool: DriverManagerConnectionProviderImpl
	Minimum pool size: 1
	Maximum pool size: 20
2025-11-30 19:20:50,403 INFO [org.hibernate.engine.transaction.jta.platform.internal.JtaPlatformInitiator] - HHH000489: No JTA platform available (set 'hibernate.transaction.jta.platform' to enable JTA platform integration)
2025-11-30 19:26:46,013 INFO [org.hibernate.Version] - HHH000412: Hibernate ORM core version 7.1.10.Final
2025-11-30 19:26:46,462 WARN [org.hibernate.orm.connections.pooling] - HHH10001002: Using built-in connection pool (not intended for production use)
2025-11-30 19:26:46,850 WARN [org.hibernate.orm.deprecation] - HHH90000025: PostgreSQLDialect does not need to be specified explicitly using 'hibernate.dialect' (remove the property setting and it will be selected by default)
2025-11-30 19:26:46,872 INFO [org.hibernate.orm.connections.pooling] - HHH10001005: Database info:
	Database JDBC URL [jdbc:postgresql://localhost:5432/postgres]
	Database driver: PostgreSQL JDBC Driver
	Database dialect: PostgreSQLDialect
	Database version: 18.1
	Default catalog/schema: postgres/public
	Autocommit mode: false
	Isolation level: READ_COMMITTED
	JDBC fetch size: none
	Pool: DriverManagerConnectionProviderImpl
	Minimum pool size: 1
	Maximum pool size: 20
2025-11-30 19:26:47,652 INFO [org.hibernate.engine.transaction.jta.platform.internal.JtaPlatformInitiator] - HHH000489: No JTA platform available (set 'hibernate.transaction.jta.platform' to enable JTA platform integration)
2025-11-30 19:27:24,312 INFO [org.hibernate.Version] - HHH000412: Hibernate ORM core version 7.1.10.Final
2025-11-30 19:27:24,780 WARN [org.hibernate.orm.connections.pooling] - HHH10001002: Using built-in connection pool (not intended for production use)
2025-11-30 19:27:25,128 WARN [org.hibernate.orm.deprecation] - HHH90000025: PostgreSQLDialect does not need to be specified explicitly using 'hibernate.dialect' (remove the property setting and it will be selected by default)
2025-11-30 19:27:25,146 INFO [org.hibernate.orm.connections.pooling] - HHH10001005: Database info:
	Database JDBC URL [jdbc:postgresql://localhost:5432/postgres]
	Database driver: PostgreSQL JDBC Driver
	Database dialect: PostgreSQLDialect
	Database version: 18.1
	Default catalog/schema: postgres/public
	Autocommit mode: false
	Isolation level: READ_COMMITTED
	JDBC fetch size: none
	Pool: DriverManagerConnectionProviderImpl
	Minimum pool size: 1
	Maximum pool size: 20
2025-11-30 19:27:25,882 INFO [org.hibernate.engine.transaction.jta.platform.internal.JtaPlatformInitiator] - HHH000489: No JTA platform available (set 'hibernate.transaction.jta.platform' to enable JTA platform integration)
2025-11-30 19:27:25,926 ERROR [cvv.project.HibernateRunner] - Exception in HibernateRunner: 
org.hibernate.id.IdentifierGenerationException: Identifier of entity 'cvv.project.entity.User' must be manually assigned before calling 'persist()'
	at org.hibernate.event.internal.AbstractSaveEventListener.performSave(AbstractSaveEventListener.java:210)
	at org.hibernate.event.internal.AbstractSaveEventListener.saveWithGeneratedId(AbstractSaveEventListener.java:138)
	at org.hibernate.event.internal.DefaultPersistEventListener.entityIsTransient(DefaultPersistEventListener.java:148)
	at org.hibernate.event.internal.DefaultPersistEventListener.persist(DefaultPersistEventListener.java:92)
	at org.hibernate.event.internal.DefaultPersistEventListener.onPersist(DefaultPersistEventListener.java:76)
	at org.hibernate.event.internal.DefaultPersistEventListener.onPersist(DefaultPersistEventListener.java:52)
	at org.hibernate.event.service.internal.EventListenerGroupImpl.fireEventOnEachListener(EventListenerGroupImpl.java:140)
	at org.hibernate.internal.SessionImpl.firePersist(SessionImpl.java:692)
	at org.hibernate.internal.SessionImpl.persist(SessionImpl.java:676)
	at cvv.project.HibernateRunner.main(HibernateRunner.java:40)
2025-11-30 19:28:01,026 INFO [org.hibernate.Version] - HHH000412: Hibernate ORM core version 7.1.10.Final
2025-11-30 19:28:01,549 WARN [org.hibernate.orm.connections.pooling] - HHH10001002: Using built-in connection pool (not intended for production use)
2025-11-30 19:28:01,904 WARN [org.hibernate.orm.deprecation] - HHH90000025: PostgreSQLDialect does not need to be specified explicitly using 'hibernate.dialect' (remove the property setting and it will be selected by default)
2025-11-30 19:28:01,922 INFO [org.hibernate.orm.connections.pooling] - HHH10001005: Database info:
	Database JDBC URL [jdbc:postgresql://localhost:5432/postgres]
	Database driver: PostgreSQL JDBC Driver
	Database dialect: PostgreSQLDialect
	Database version: 18.1
	Default catalog/schema: postgres/public
	Autocommit mode: false
	Isolation level: READ_COMMITTED
	JDBC fetch size: none
	Pool: DriverManagerConnectionProviderImpl
	Minimum pool size: 1
	Maximum pool size: 20
2025-11-30 19:28:02,723 INFO [org.hibernate.engine.transaction.jta.platform.internal.JtaPlatformInitiator] - HHH000489: No JTA platform available (set 'hibernate.transaction.jta.platform' to enable JTA platform integration)
2025-11-30 19:28:02,833 ERROR [cvv.project.HibernateRunner] - Exception in HibernateRunner: 
org.hibernate.id.IdentifierGenerationException: Identifier of entity 'cvv.project.entity.User' must be manually assigned before calling 'persist()'
	at org.hibernate.event.internal.AbstractSaveEventListener.performSave(AbstractSaveEventListener.java:210)
	at org.hibernate.event.internal.AbstractSaveEventListener.saveWithGeneratedId(AbstractSaveEventListener.java:138)
	at org.hibernate.event.internal.DefaultPersistEventListener.entityIsTransient(DefaultPersistEventListener.java:148)
	at org.hibernate.event.internal.DefaultPersistEventListener.persist(DefaultPersistEventListener.java:92)
	at org.hibernate.event.internal.DefaultPersistEventListener.onPersist(DefaultPersistEventListener.java:76)
	at org.hibernate.event.internal.DefaultPersistEventListener.onPersist(DefaultPersistEventListener.java:52)
	at org.hibernate.event.service.internal.EventListenerGroupImpl.fireEventOnEachListener(EventListenerGroupImpl.java:140)
	at org.hibernate.internal.SessionImpl.firePersist(SessionImpl.java:692)
	at org.hibernate.internal.SessionImpl.persist(SessionImpl.java:676)
	at cvv.project.HibernateRunner.main(HibernateRunner.java:41)
2025-11-30 19:28:38,875 INFO [org.hibernate.Version] - HHH000412: Hibernate ORM core version 7.1.10.Final
2025-11-30 19:28:39,383 WARN [org.hibernate.orm.connections.pooling] - HHH10001002: Using built-in connection pool (not intended for production use)
2025-11-30 19:28:39,764 WARN [org.hibernate.orm.deprecation] - HHH90000025: PostgreSQLDialect does not need to be specified explicitly using 'hibernate.dialect' (remove the property setting and it will be selected by default)
2025-11-30 19:28:39,783 INFO [org.hibernate.orm.connections.pooling] - HHH10001005: Database info:
	Database JDBC URL [jdbc:postgresql://localhost:5432/postgres]
	Database driver: PostgreSQL JDBC Driver
	Database dialect: PostgreSQLDialect
	Database version: 18.1
	Default catalog/schema: postgres/public
	Autocommit mode: false
	Isolation level: READ_COMMITTED
	JDBC fetch size: none
	Pool: DriverManagerConnectionProviderImpl
	Minimum pool size: 1
	Maximum pool size: 20
2025-11-30 19:28:40,558 INFO [org.hibernate.engine.transaction.jta.platform.internal.JtaPlatformInitiator] - HHH000489: No JTA platform available (set 'hibernate.transaction.jta.platform' to enable JTA platform integration)
2025-11-30 19:28:40,629 WARN [org.hibernate.orm.jdbc.error] - HHH000247: ErrorCode: 0, SQLState: 23505
2025-11-30 19:28:40,629 WARN [org.hibernate.orm.jdbc.error] - ОШИБКА: duplicate key value violates unique constraint "company_name_key"
  Подробности: Key (name)=(Ozon) already exists.
2025-11-30 19:28:40,637 ERROR [cvv.project.HibernateRunner] - Exception in HibernateRunner: 
org.hibernate.exception.ConstraintViolationException: could not execute statement [ОШИБКА: duplicate key value violates unique constraint "company_name_key"
  Подробности: Key (name)=(Ozon) already exists.] [insert into Company (name) values (?)]
	at org.hibernate.exception.internal.SQLStateConversionDelegate.convert(SQLStateConversionDelegate.java:73)
	at org.hibernate.exception.internal.StandardSQLExceptionConverter.convert(StandardSQLExceptionConverter.java:34)
	at org.hibernate.engine.jdbc.spi.SqlExceptionHelper.convert(SqlExceptionHelper.java:115)
	at org.hibernate.engine.jdbc.internal.ResultSetReturnImpl.executeUpdate(ResultSetReturnImpl.java:193)
	at org.hibernate.id.insert.GetGeneratedKeysDelegate.performMutation(GetGeneratedKeysDelegate.java:103)
	at org.hibernate.engine.jdbc.mutation.internal.MutationExecutorSingleNonBatched.performNonBatchedOperations(MutationExecutorSingleNonBatched.java:45)
	at org.hibernate.engine.jdbc.mutation.internal.AbstractMutationExecutor.execute(AbstractMutationExecutor.java:66)
	at org.hibernate.engine.jdbc.mutation.internal.AbstractMutationExecutor.execute(AbstractMutationExecutor.java:55)
	at org.hibernate.persister.entity.mutation.InsertCoordinatorStandard.doStaticInserts(InsertCoordinatorStandard.java:191)
	at org.hibernate.persister.entity.mutation.InsertCoordinatorStandard.coordinateInsert(InsertCoordinatorStandard.java:129)
	at org.hibernate.persister.entity.mutation.InsertCoordinatorStandard.insert(InsertCoordinatorStandard.java:92)
	at org.hibernate.action.internal.EntityIdentityInsertAction.execute(EntityIdentityInsertAction.java:90)
	at org.hibernate.engine.spi.ActionQueue.execute(ActionQueue.java:684)
	at org.hibernate.engine.spi.ActionQueue.addResolvedEntityInsertAction(ActionQueue.java:291)
	at org.hibernate.engine.spi.ActionQueue.addInsertAction(ActionQueue.java:272)
	at org.hibernate.engine.spi.ActionQueue.addAction(ActionQueue.java:322)
	at org.hibernate.event.internal.AbstractSaveEventListener.addInsertAction(AbstractSaveEventListener.java:376)
	at org.hibernate.event.internal.AbstractSaveEventListener.performSaveOrReplicate(AbstractSaveEventListener.java:290)
	at org.hibernate.event.internal.AbstractSaveEventListener.performSave(AbstractSaveEventListener.java:220)
	at org.hibernate.event.internal.AbstractSaveEventListener.saveWithGeneratedId(AbstractSaveEventListener.java:138)
	at org.hibernate.event.internal.DefaultPersistEventListener.entityIsTransient(DefaultPersistEventListener.java:148)
	at org.hibernate.event.internal.DefaultPersistEventListener.persist(DefaultPersistEventListener.java:92)
	at org.hibernate.event.internal.DefaultPersistEventListener.onPersist(DefaultPersistEventListener.java:76)
	at org.hibernate.event.internal.DefaultPersistEventListener.onPersist(DefaultPersistEventListener.java:52)
	at org.hibernate.event.service.internal.EventListenerGroupImpl.fireEventOnEachListener(EventListenerGroupImpl.java:140)
	at org.hibernate.internal.SessionImpl.firePersist(SessionImpl.java:692)
	at org.hibernate.internal.SessionImpl.persist(SessionImpl.java:676)
	at cvv.project.HibernateRunner.main(HibernateRunner.java:40)
Caused by: org.postgresql.util.PSQLException: ОШИБКА: duplicate key value violates unique constraint "company_name_key"
  Подробности: Key (name)=(Ozon) already exists.
	at org.postgresql.core.v3.QueryExecutorImpl.receiveErrorResponse(QueryExecutorImpl.java:2725)
	at org.postgresql.core.v3.QueryExecutorImpl.processResults(QueryExecutorImpl.java:2412)
	at org.postgresql.core.v3.QueryExecutorImpl.execute(QueryExecutorImpl.java:371)
	at org.postgresql.jdbc.PgStatement.executeInternal(PgStatement.java:502)
	at org.postgresql.jdbc.PgStatement.execute(PgStatement.java:419)
	at org.postgresql.jdbc.PgPreparedStatement.executeWithFlags(PgPreparedStatement.java:194)
	at org.postgresql.jdbc.PgPreparedStatement.executeUpdate(PgPreparedStatement.java:155)
	at org.hibernate.engine.jdbc.internal.ResultSetReturnImpl.executeUpdate(ResultSetReturnImpl.java:190)
	... 24 more
2025-11-30 19:29:08,349 INFO [org.hibernate.Version] - HHH000412: Hibernate ORM core version 7.1.10.Final
2025-11-30 19:29:08,836 WARN [org.hibernate.orm.connections.pooling] - HHH10001002: Using built-in connection pool (not intended for production use)
2025-11-30 19:29:09,239 WARN [org.hibernate.orm.deprecation] - HHH90000025: PostgreSQLDialect does not need to be specified explicitly using 'hibernate.dialect' (remove the property setting and it will be selected by default)
2025-11-30 19:29:09,261 INFO [org.hibernate.orm.connections.pooling] - HHH10001005: Database info:
	Database JDBC URL [jdbc:postgresql://localhost:5432/postgres]
	Database driver: PostgreSQL JDBC Driver
	Database dialect: PostgreSQLDialect
	Database version: 18.1
	Default catalog/schema: postgres/public
	Autocommit mode: false
	Isolation level: READ_COMMITTED
	JDBC fetch size: none
	Pool: DriverManagerConnectionProviderImpl
	Minimum pool size: 1
	Maximum pool size: 20
2025-11-30 19:29:10,004 INFO [org.hibernate.engine.transaction.jta.platform.internal.JtaPlatformInitiator] - HHH000489: No JTA platform available (set 'hibernate.transaction.jta.platform' to enable JTA platform integration)
2025-11-30 19:30:42,280 INFO [org.hibernate.Version] - HHH000412: Hibernate ORM core version 7.1.10.Final
2025-11-30 19:30:42,756 WARN [org.hibernate.orm.connections.pooling] - HHH10001002: Using built-in connection pool (not intended for production use)
2025-11-30 19:30:43,165 WARN [org.hibernate.orm.deprecation] - HHH90000025: PostgreSQLDialect does not need to be specified explicitly using 'hibernate.dialect' (remove the property setting and it will be selected by default)
2025-11-30 19:30:43,184 INFO [org.hibernate.orm.connections.pooling] - HHH10001005: Database info:
	Database JDBC URL [jdbc:postgresql://localhost:5432/postgres]
	Database driver: PostgreSQL JDBC Driver
	Database dialect: PostgreSQLDialect
	Database version: 18.1
	Default catalog/schema: postgres/public
	Autocommit mode: false
	Isolation level: READ_COMMITTED
	JDBC fetch size: none
	Pool: DriverManagerConnectionProviderImpl
	Minimum pool size: 1
	Maximum pool size: 20
2025-11-30 19:30:43,954 INFO [org.hibernate.engine.transaction.jta.platform.internal.JtaPlatformInitiator] - HHH000489: No JTA platform available (set 'hibernate.transaction.jta.platform' to enable JTA platform integration)
2025-11-30 19:30:44,035 WARN [org.hibernate.orm.jdbc.error] - HHH000247: ErrorCode: 0, SQLState: 23505
2025-11-30 19:30:44,035 WARN [org.hibernate.orm.jdbc.error] - ОШИБКА: duplicate key value violates unique constraint "company_name_key"
  Подробности: Key (name)=(WW) already exists.
2025-11-30 19:30:44,043 ERROR [cvv.project.HibernateRunner] - Exception in HibernateRunner: 
org.hibernate.exception.ConstraintViolationException: could not execute statement [ОШИБКА: duplicate key value violates unique constraint "company_name_key"
  Подробности: Key (name)=(WW) already exists.] [insert into Company (name) values (?)]
	at org.hibernate.exception.internal.SQLStateConversionDelegate.convert(SQLStateConversionDelegate.java:73)
	at org.hibernate.exception.internal.StandardSQLExceptionConverter.convert(StandardSQLExceptionConverter.java:34)
	at org.hibernate.engine.jdbc.spi.SqlExceptionHelper.convert(SqlExceptionHelper.java:115)
	at org.hibernate.engine.jdbc.internal.ResultSetReturnImpl.executeUpdate(ResultSetReturnImpl.java:193)
	at org.hibernate.id.insert.GetGeneratedKeysDelegate.performMutation(GetGeneratedKeysDelegate.java:103)
	at org.hibernate.engine.jdbc.mutation.internal.MutationExecutorSingleNonBatched.performNonBatchedOperations(MutationExecutorSingleNonBatched.java:45)
	at org.hibernate.engine.jdbc.mutation.internal.AbstractMutationExecutor.execute(AbstractMutationExecutor.java:66)
	at org.hibernate.engine.jdbc.mutation.internal.AbstractMutationExecutor.execute(AbstractMutationExecutor.java:55)
	at org.hibernate.persister.entity.mutation.InsertCoordinatorStandard.doStaticInserts(InsertCoordinatorStandard.java:191)
	at org.hibernate.persister.entity.mutation.InsertCoordinatorStandard.coordinateInsert(InsertCoordinatorStandard.java:129)
	at org.hibernate.persister.entity.mutation.InsertCoordinatorStandard.insert(InsertCoordinatorStandard.java:92)
	at org.hibernate.action.internal.EntityIdentityInsertAction.execute(EntityIdentityInsertAction.java:90)
	at org.hibernate.engine.spi.ActionQueue.execute(ActionQueue.java:684)
	at org.hibernate.engine.spi.ActionQueue.addResolvedEntityInsertAction(ActionQueue.java:291)
	at org.hibernate.engine.spi.ActionQueue.addInsertAction(ActionQueue.java:272)
	at org.hibernate.engine.spi.ActionQueue.addAction(ActionQueue.java:322)
	at org.hibernate.event.internal.AbstractSaveEventListener.addInsertAction(AbstractSaveEventListener.java:376)
	at org.hibernate.event.internal.AbstractSaveEventListener.performSaveOrReplicate(AbstractSaveEventListener.java:290)
	at org.hibernate.event.internal.AbstractSaveEventListener.performSave(AbstractSaveEventListener.java:220)
	at org.hibernate.event.internal.AbstractSaveEventListener.saveWithGeneratedId(AbstractSaveEventListener.java:138)
	at org.hibernate.event.internal.DefaultPersistEventListener.entityIsTransient(DefaultPersistEventListener.java:148)
	at org.hibernate.event.internal.DefaultPersistEventListener.persist(DefaultPersistEventListener.java:92)
	at org.hibernate.event.internal.DefaultPersistEventListener.onPersist(DefaultPersistEventListener.java:76)
	at org.hibernate.event.internal.DefaultPersistEventListener.onPersist(DefaultPersistEventListener.java:52)
	at org.hibernate.event.service.internal.EventListenerGroupImpl.fireEventOnEachListener(EventListenerGroupImpl.java:140)
	at org.hibernate.internal.SessionImpl.firePersist(SessionImpl.java:692)
	at org.hibernate.internal.SessionImpl.persist(SessionImpl.java:676)
	at cvv.project.HibernateRunner.main(HibernateRunner.java:40)
Caused by: org.postgresql.util.PSQLException: ОШИБКА: duplicate key value violates unique constraint "company_name_key"
  Подробности: Key (name)=(WW) already exists.
	at org.postgresql.core.v3.QueryExecutorImpl.receiveErrorResponse(QueryExecutorImpl.java:2725)
	at org.postgresql.core.v3.QueryExecutorImpl.processResults(QueryExecutorImpl.java:2412)
	at org.postgresql.core.v3.QueryExecutorImpl.execute(QueryExecutorImpl.java:371)
	at org.postgresql.jdbc.PgStatement.executeInternal(PgStatement.java:502)
	at org.postgresql.jdbc.PgStatement.execute(PgStatement.java:419)
	at org.postgresql.jdbc.PgPreparedStatement.executeWithFlags(PgPreparedStatement.java:194)
	at org.postgresql.jdbc.PgPreparedStatement.executeUpdate(PgPreparedStatement.java:155)
	at org.hibernate.engine.jdbc.internal.ResultSetReturnImpl.executeUpdate(ResultSetReturnImpl.java:190)
	... 24 more
2025-11-30 19:32:39,662 INFO [org.hibernate.Version] - HHH000412: Hibernate ORM core version 7.1.10.Final
2025-11-30 19:32:40,127 WARN [org.hibernate.orm.connections.pooling] - HHH10001002: Using built-in connection pool (not intended for production use)
2025-11-30 19:32:40,496 WARN [org.hibernate.orm.deprecation] - HHH90000025: PostgreSQLDialect does not need to be specified explicitly using 'hibernate.dialect' (remove the property setting and it will be selected by default)
2025-11-30 19:32:40,514 INFO [org.hibernate.orm.connections.pooling] - HHH10001005: Database info:
	Database JDBC URL [jdbc:postgresql://localhost:5432/postgres]
	Database driver: PostgreSQL JDBC Driver
	Database dialect: PostgreSQLDialect
	Database version: 18.1
	Default catalog/schema: postgres/public
	Autocommit mode: false
	Isolation level: READ_COMMITTED
	JDBC fetch size: none
	Pool: DriverManagerConnectionProviderImpl
	Minimum pool size: 1
	Maximum pool size: 20
2025-11-30 19:32:42,252 INFO [org.hibernate.engine.transaction.jta.platform.internal.JtaPlatformInitiator] - HHH000489: No JTA platform available (set 'hibernate.transaction.jta.platform' to enable JTA platform integration)
2025-11-30 19:32:42,317 WARN [org.hibernate.orm.jdbc.error] - HHH000247: ErrorCode: 0, SQLState: 23505
2025-11-30 19:32:42,317 WARN [org.hibernate.orm.jdbc.error] - ОШИБКА: duplicate key value violates unique constraint "company_name_key"
  Подробности: Key (name)=(WW) already exists.
2025-11-30 19:32:42,323 ERROR [cvv.project.HibernateRunner] - Exception in HibernateRunner: 
org.hibernate.exception.ConstraintViolationException: could not execute statement [ОШИБКА: duplicate key value violates unique constraint "company_name_key"
  Подробности: Key (name)=(WW) already exists.] [insert into Company (name) values (?)]
	at org.hibernate.exception.internal.SQLStateConversionDelegate.convert(SQLStateConversionDelegate.java:73)
	at org.hibernate.exception.internal.StandardSQLExceptionConverter.convert(StandardSQLExceptionConverter.java:34)
	at org.hibernate.engine.jdbc.spi.SqlExceptionHelper.convert(SqlExceptionHelper.java:115)
	at org.hibernate.engine.jdbc.internal.ResultSetReturnImpl.executeUpdate(ResultSetReturnImpl.java:193)
	at org.hibernate.id.insert.GetGeneratedKeysDelegate.performMutation(GetGeneratedKeysDelegate.java:103)
	at org.hibernate.engine.jdbc.mutation.internal.MutationExecutorSingleNonBatched.performNonBatchedOperations(MutationExecutorSingleNonBatched.java:45)
	at org.hibernate.engine.jdbc.mutation.internal.AbstractMutationExecutor.execute(AbstractMutationExecutor.java:66)
	at org.hibernate.engine.jdbc.mutation.internal.AbstractMutationExecutor.execute(AbstractMutationExecutor.java:55)
	at org.hibernate.persister.entity.mutation.InsertCoordinatorStandard.doStaticInserts(InsertCoordinatorStandard.java:191)
	at org.hibernate.persister.entity.mutation.InsertCoordinatorStandard.coordinateInsert(InsertCoordinatorStandard.java:129)
	at org.hibernate.persister.entity.mutation.InsertCoordinatorStandard.insert(InsertCoordinatorStandard.java:92)
	at org.hibernate.action.internal.EntityIdentityInsertAction.execute(EntityIdentityInsertAction.java:90)
	at org.hibernate.engine.spi.ActionQueue.execute(ActionQueue.java:684)
	at org.hibernate.engine.spi.ActionQueue.addResolvedEntityInsertAction(ActionQueue.java:291)
	at org.hibernate.engine.spi.ActionQueue.addInsertAction(ActionQueue.java:272)
	at org.hibernate.engine.spi.ActionQueue.addAction(ActionQueue.java:322)
	at org.hibernate.event.internal.AbstractSaveEventListener.addInsertAction(AbstractSaveEventListener.java:376)
	at org.hibernate.event.internal.AbstractSaveEventListener.performSaveOrReplicate(AbstractSaveEventListener.java:290)
	at org.hibernate.event.internal.AbstractSaveEventListener.performSave(AbstractSaveEventListener.java:220)
	at org.hibernate.event.internal.AbstractSaveEventListener.saveWithGeneratedId(AbstractSaveEventListener.java:138)
	at org.hibernate.event.internal.DefaultPersistEventListener.entityIsTransient(DefaultPersistEventListener.java:148)
	at org.hibernate.event.internal.DefaultPersistEventListener.persist(DefaultPersistEventListener.java:92)
	at org.hibernate.event.internal.DefaultPersistEventListener.onPersist(DefaultPersistEventListener.java:76)
	at org.hibernate.event.service.internal.EventListenerGroupImpl.fireEventOnEachListener(EventListenerGroupImpl.java:151)
	at org.hibernate.internal.SessionImpl.firePersist(SessionImpl.java:733)
	at org.hibernate.internal.SessionImpl.persist(SessionImpl.java:682)
	at org.hibernate.engine.spi.CascadingActions$6.cascade(CascadingActions.java:295)
	at org.hibernate.engine.spi.CascadingActions$6.cascade(CascadingActions.java:282)
	at org.hibernate.engine.internal.Cascade.cascadeToOne(Cascade.java:538)
	at org.hibernate.engine.internal.Cascade.cascadeAssociation(Cascade.java:446)
	at org.hibernate.engine.internal.Cascade.cascadeProperty(Cascade.java:222)
	at org.hibernate.engine.internal.Cascade.cascade(Cascade.java:163)
	at org.hibernate.event.internal.AbstractSaveEventListener.cascadeBeforeSave(AbstractSaveEventListener.java:472)
	at org.hibernate.event.internal.AbstractSaveEventListener.performSaveOrReplicate(AbstractSaveEventListener.java:288)
	at org.hibernate.event.internal.AbstractSaveEventListener.performSave(AbstractSaveEventListener.java:220)
	at org.hibernate.event.internal.AbstractSaveEventListener.saveWithGeneratedId(AbstractSaveEventListener.java:138)
	at org.hibernate.event.internal.DefaultPersistEventListener.entityIsTransient(DefaultPersistEventListener.java:148)
	at org.hibernate.event.internal.DefaultPersistEventListener.persist(DefaultPersistEventListener.java:92)
	at org.hibernate.event.internal.DefaultPersistEventListener.onPersist(DefaultPersistEventListener.java:76)
	at org.hibernate.event.internal.DefaultPersistEventListener.onPersist(DefaultPersistEventListener.java:52)
	at org.hibernate.event.service.internal.EventListenerGroupImpl.fireEventOnEachListener(EventListenerGroupImpl.java:140)
	at org.hibernate.internal.SessionImpl.firePersist(SessionImpl.java:692)
	at org.hibernate.internal.SessionImpl.persist(SessionImpl.java:676)
	at cvv.project.HibernateRunner.main(HibernateRunner.java:41)
Caused by: org.postgresql.util.PSQLException: ОШИБКА: duplicate key value violates unique constraint "company_name_key"
  Подробности: Key (name)=(WW) already exists.
	at org.postgresql.core.v3.QueryExecutorImpl.receiveErrorResponse(QueryExecutorImpl.java:2725)
	at org.postgresql.core.v3.QueryExecutorImpl.processResults(QueryExecutorImpl.java:2412)
	at org.postgresql.core.v3.QueryExecutorImpl.execute(QueryExecutorImpl.java:371)
	at org.postgresql.jdbc.PgStatement.executeInternal(PgStatement.java:502)
	at org.postgresql.jdbc.PgStatement.execute(PgStatement.java:419)
	at org.postgresql.jdbc.PgPreparedStatement.executeWithFlags(PgPreparedStatement.java:194)
	at org.postgresql.jdbc.PgPreparedStatement.executeUpdate(PgPreparedStatement.java:155)
	at org.hibernate.engine.jdbc.internal.ResultSetReturnImpl.executeUpdate(ResultSetReturnImpl.java:190)
	... 40 more
2025-11-30 19:33:00,121 INFO [org.hibernate.Version] - HHH000412: Hibernate ORM core version 7.1.10.Final
2025-11-30 19:33:00,607 WARN [org.hibernate.orm.connections.pooling] - HHH10001002: Using built-in connection pool (not intended for production use)
2025-11-30 19:33:00,985 WARN [org.hibernate.orm.deprecation] - HHH90000025: PostgreSQLDialect does not need to be specified explicitly using 'hibernate.dialect' (remove the property setting and it will be selected by default)
2025-11-30 19:33:01,007 INFO [org.hibernate.orm.connections.pooling] - HHH10001005: Database info:
	Database JDBC URL [jdbc:postgresql://localhost:5432/postgres]
	Database driver: PostgreSQL JDBC Driver
	Database dialect: PostgreSQLDialect
	Database version: 18.1
	Default catalog/schema: postgres/public
	Autocommit mode: false
	Isolation level: READ_COMMITTED
	JDBC fetch size: none
	Pool: DriverManagerConnectionProviderImpl
	Minimum pool size: 1
	Maximum pool size: 20
2025-11-30 19:33:01,753 INFO [org.hibernate.engine.transaction.jta.platform.internal.JtaPlatformInitiator] - HHH000489: No JTA platform available (set 'hibernate.transaction.jta.platform' to enable JTA platform integration)
2025-11-30 19:33:55,024 INFO [org.hibernate.Version] - HHH000412: Hibernate ORM core version 7.1.10.Final
2025-11-30 19:33:55,515 WARN [org.hibernate.orm.connections.pooling] - HHH10001002: Using built-in connection pool (not intended for production use)
2025-11-30 19:33:55,868 WARN [org.hibernate.orm.deprecation] - HHH90000025: PostgreSQLDialect does not need to be specified explicitly using 'hibernate.dialect' (remove the property setting and it will be selected by default)
2025-11-30 19:33:55,893 INFO [org.hibernate.orm.connections.pooling] - HHH10001005: Database info:
	Database JDBC URL [jdbc:postgresql://localhost:5432/postgres]
	Database driver: PostgreSQL JDBC Driver
	Database dialect: PostgreSQLDialect
	Database version: 18.1
	Default catalog/schema: postgres/public
	Autocommit mode: false
	Isolation level: READ_COMMITTED
	JDBC fetch size: none
	Pool: DriverManagerConnectionProviderImpl
	Minimum pool size: 1
	Maximum pool size: 20
2025-11-30 19:33:56,649 INFO [org.hibernate.engine.transaction.jta.platform.internal.JtaPlatformInitiator] - HHH000489: No JTA platform available (set 'hibernate.transaction.jta.platform' to enable JTA platform integration)
2025-11-30 19:34:06,410 INFO [org.hibernate.Version] - HHH000412: Hibernate ORM core version 7.1.10.Final
2025-11-30 19:34:06,938 WARN [org.hibernate.orm.connections.pooling] - HHH10001002: Using built-in connection pool (not intended for production use)
2025-11-30 19:34:07,304 WARN [org.hibernate.orm.deprecation] - HHH90000025: PostgreSQLDialect does not need to be specified explicitly using 'hibernate.dialect' (remove the property setting and it will be selected by default)
2025-11-30 19:34:07,322 INFO [org.hibernate.orm.connections.pooling] - HHH10001005: Database info:
	Database JDBC URL [jdbc:postgresql://localhost:5432/postgres]
	Database driver: PostgreSQL JDBC Driver
	Database dialect: PostgreSQLDialect
	Database version: 18.1
	Default catalog/schema: postgres/public
	Autocommit mode: false
	Isolation level: READ_COMMITTED
	JDBC fetch size: none
	Pool: DriverManagerConnectionProviderImpl
	Minimum pool size: 1
	Maximum pool size: 20
2025-11-30 19:34:08,099 INFO [org.hibernate.engine.transaction.jta.platform.internal.JtaPlatformInitiator] - HHH000489: No JTA platform available (set 'hibernate.transaction.jta.platform' to enable JTA platform integration)
2025-11-30 19:34:13,443 INFO [org.hibernate.Version] - HHH000412: Hibernate ORM core version 7.1.10.Final
2025-11-30 19:34:13,905 WARN [org.hibernate.orm.connections.pooling] - HHH10001002: Using built-in connection pool (not intended for production use)
2025-11-30 19:34:14,296 WARN [org.hibernate.orm.deprecation] - HHH90000025: PostgreSQLDialect does not need to be specified explicitly using 'hibernate.dialect' (remove the property setting and it will be selected by default)
2025-11-30 19:34:14,323 INFO [org.hibernate.orm.connections.pooling] - HHH10001005: Database info:
	Database JDBC URL [jdbc:postgresql://localhost:5432/postgres]
	Database driver: PostgreSQL JDBC Driver
	Database dialect: PostgreSQLDialect
	Database version: 18.1
	Default catalog/schema: postgres/public
	Autocommit mode: false
	Isolation level: READ_COMMITTED
	JDBC fetch size: none
	Pool: DriverManagerConnectionProviderImpl
	Minimum pool size: 1
	Maximum pool size: 20
2025-11-30 19:34:15,078 INFO [org.hibernate.engine.transaction.jta.platform.internal.JtaPlatformInitiator] - HHH000489: No JTA platform available (set 'hibernate.transaction.jta.platform' to enable JTA platform integration)
2025-11-30 19:37:14,874 INFO [org.hibernate.Version] - HHH000412: Hibernate ORM core version 7.1.10.Final
2025-11-30 19:37:15,352 WARN [org.hibernate.orm.connections.pooling] - HHH10001002: Using built-in connection pool (not intended for production use)
2025-11-30 19:37:15,714 WARN [org.hibernate.orm.deprecation] - HHH90000025: PostgreSQLDialect does not need to be specified explicitly using 'hibernate.dialect' (remove the property setting and it will be selected by default)
2025-11-30 19:37:15,733 INFO [org.hibernate.orm.connections.pooling] - HHH10001005: Database info:
	Database JDBC URL [jdbc:postgresql://localhost:5432/postgres]
	Database driver: PostgreSQL JDBC Driver
	Database dialect: PostgreSQLDialect
	Database version: 18.1
	Default catalog/schema: postgres/public
	Autocommit mode: false
	Isolation level: READ_COMMITTED
	JDBC fetch size: none
	Pool: DriverManagerConnectionProviderImpl
	Minimum pool size: 1
	Maximum pool size: 20
2025-11-30 19:37:16,495 INFO [org.hibernate.engine.transaction.jta.platform.internal.JtaPlatformInitiator] - HHH000489: No JTA platform available (set 'hibernate.transaction.jta.platform' to enable JTA platform integration)
2025-11-30 20:11:30,452 INFO [org.hibernate.Version] - HHH000412: Hibernate ORM core version 7.1.10.Final
2025-11-30 20:11:31,068 WARN [org.hibernate.orm.connections.pooling] - HHH10001002: Using built-in connection pool (not intended for production use)
2025-11-30 20:11:31,512 WARN [org.hibernate.orm.deprecation] - HHH90000025: PostgreSQLDialect does not need to be specified explicitly using 'hibernate.dialect' (remove the property setting and it will be selected by default)
2025-11-30 20:11:31,530 INFO [org.hibernate.orm.connections.pooling] - HHH10001005: Database info:
	Database JDBC URL [jdbc:postgresql://localhost:5432/postgres]
	Database driver: PostgreSQL JDBC Driver
	Database dialect: PostgreSQLDialect
	Database version: 18.1
	Default catalog/schema: postgres/public
	Autocommit mode: false
	Isolation level: READ_COMMITTED
	JDBC fetch size: none
	Pool: DriverManagerConnectionProviderImpl
	Minimum pool size: 1
	Maximum pool size: 20
2025-11-30 20:11:32,445 INFO [org.hibernate.engine.transaction.jta.platform.internal.JtaPlatformInitiator] - HHH000489: No JTA platform available (set 'hibernate.transaction.jta.platform' to enable JTA platform integration)
2025-11-30 20:11:32,564 ERROR [cvv.project.HibernateRunner] - Exception in HibernateRunner: 
java.lang.IllegalArgumentException: Entity may not be null
	at org.hibernate.event.spi.DeleteEvent.<init>(DeleteEvent.java:28)
	at org.hibernate.internal.SessionImpl.remove(SessionImpl.java:2363)
	at cvv.project.HibernateRunner.main(HibernateRunner.java:44)
2025-11-30 20:11:43,094 INFO [org.hibernate.Version] - HHH000412: Hibernate ORM core version 7.1.10.Final
2025-11-30 20:11:43,579 WARN [org.hibernate.orm.connections.pooling] - HHH10001002: Using built-in connection pool (not intended for production use)
2025-11-30 20:11:44,002 WARN [org.hibernate.orm.deprecation] - HHH90000025: PostgreSQLDialect does not need to be specified explicitly using 'hibernate.dialect' (remove the property setting and it will be selected by default)
2025-11-30 20:11:44,019 INFO [org.hibernate.orm.connections.pooling] - HHH10001005: Database info:
	Database JDBC URL [jdbc:postgresql://localhost:5432/postgres]
	Database driver: PostgreSQL JDBC Driver
	Database dialect: PostgreSQLDialect
	Database version: 18.1
	Default catalog/schema: postgres/public
	Autocommit mode: false
	Isolation level: READ_COMMITTED
	JDBC fetch size: none
	Pool: DriverManagerConnectionProviderImpl
	Minimum pool size: 1
	Maximum pool size: 20
2025-11-30 20:11:44,893 INFO [org.hibernate.engine.transaction.jta.platform.internal.JtaPlatformInitiator] - HHH000489: No JTA platform available (set 'hibernate.transaction.jta.platform' to enable JTA platform integration)
2025-11-30 20:11:44,978 ERROR [cvv.project.HibernateRunner] - Exception in HibernateRunner: 
java.lang.IllegalArgumentException: Entity may not be null
	at org.hibernate.event.spi.DeleteEvent.<init>(DeleteEvent.java:28)
	at org.hibernate.internal.SessionImpl.remove(SessionImpl.java:2363)
	at cvv.project.HibernateRunner.main(HibernateRunner.java:44)
2025-11-30 20:11:57,454 INFO [org.hibernate.Version] - HHH000412: Hibernate ORM core version 7.1.10.Final
2025-11-30 20:11:57,885 WARN [org.hibernate.orm.connections.pooling] - HHH10001002: Using built-in connection pool (not intended for production use)
2025-11-30 20:11:58,236 WARN [org.hibernate.orm.deprecation] - HHH90000025: PostgreSQLDialect does not need to be specified explicitly using 'hibernate.dialect' (remove the property setting and it will be selected by default)
2025-11-30 20:11:58,254 INFO [org.hibernate.orm.connections.pooling] - HHH10001005: Database info:
	Database JDBC URL [jdbc:postgresql://localhost:5432/postgres]
	Database driver: PostgreSQL JDBC Driver
	Database dialect: PostgreSQLDialect
	Database version: 18.1
	Default catalog/schema: postgres/public
	Autocommit mode: false
	Isolation level: READ_COMMITTED
	JDBC fetch size: none
	Pool: DriverManagerConnectionProviderImpl
	Minimum pool size: 1
	Maximum pool size: 20
2025-11-30 20:11:59,174 INFO [org.hibernate.engine.transaction.jta.platform.internal.JtaPlatformInitiator] - HHH000489: No JTA platform available (set 'hibernate.transaction.jta.platform' to enable JTA platform integration)
2025-11-30 20:12:25,953 INFO [org.hibernate.Version] - HHH000412: Hibernate ORM core version 7.1.10.Final
2025-11-30 20:12:26,392 WARN [org.hibernate.orm.connections.pooling] - HHH10001002: Using built-in connection pool (not intended for production use)
2025-11-30 20:12:26,719 WARN [org.hibernate.orm.deprecation] - HHH90000025: PostgreSQLDialect does not need to be specified explicitly using 'hibernate.dialect' (remove the property setting and it will be selected by default)
2025-11-30 20:12:26,734 INFO [org.hibernate.orm.connections.pooling] - HHH10001005: Database info:
	Database JDBC URL [jdbc:postgresql://localhost:5432/postgres]
	Database driver: PostgreSQL JDBC Driver
	Database dialect: PostgreSQLDialect
	Database version: 18.1
	Default catalog/schema: postgres/public
	Autocommit mode: false
	Isolation level: READ_COMMITTED
	JDBC fetch size: none
	Pool: DriverManagerConnectionProviderImpl
	Minimum pool size: 1
	Maximum pool size: 20
2025-11-30 20:12:27,597 INFO [org.hibernate.engine.transaction.jta.platform.internal.JtaPlatformInitiator] - HHH000489: No JTA platform available (set 'hibernate.transaction.jta.platform' to enable JTA platform integration)
2025-11-30 20:13:18,566 INFO [org.hibernate.Version] - HHH000412: Hibernate ORM core version 7.1.10.Final
2025-11-30 20:13:18,998 WARN [org.hibernate.orm.connections.pooling] - HHH10001002: Using built-in connection pool (not intended for production use)
2025-11-30 20:13:19,320 WARN [org.hibernate.orm.deprecation] - HHH90000025: PostgreSQLDialect does not need to be specified explicitly using 'hibernate.dialect' (remove the property setting and it will be selected by default)
2025-11-30 20:13:19,345 INFO [org.hibernate.orm.connections.pooling] - HHH10001005: Database info:
	Database JDBC URL [jdbc:postgresql://localhost:5432/postgres]
	Database driver: PostgreSQL JDBC Driver
	Database dialect: PostgreSQLDialect
	Database version: 18.1
	Default catalog/schema: postgres/public
	Autocommit mode: false
	Isolation level: READ_COMMITTED
	JDBC fetch size: none
	Pool: DriverManagerConnectionProviderImpl
	Minimum pool size: 1
	Maximum pool size: 20
2025-11-30 20:13:20,171 INFO [org.hibernate.engine.transaction.jta.platform.internal.JtaPlatformInitiator] - HHH000489: No JTA platform available (set 'hibernate.transaction.jta.platform' to enable JTA platform integration)
2025-11-30 20:13:49,347 INFO [org.hibernate.Version] - HHH000412: Hibernate ORM core version 7.1.10.Final
2025-11-30 20:13:49,763 WARN [org.hibernate.orm.connections.pooling] - HHH10001002: Using built-in connection pool (not intended for production use)
2025-11-30 20:13:50,124 WARN [org.hibernate.orm.deprecation] - HHH90000025: PostgreSQLDialect does not need to be specified explicitly using 'hibernate.dialect' (remove the property setting and it will be selected by default)
2025-11-30 20:13:50,145 INFO [org.hibernate.orm.connections.pooling] - HHH10001005: Database info:
	Database JDBC URL [jdbc:postgresql://localhost:5432/postgres]
	Database driver: PostgreSQL JDBC Driver
	Database dialect: PostgreSQLDialect
	Database version: 18.1
	Default catalog/schema: postgres/public
	Autocommit mode: false
	Isolation level: READ_COMMITTED
	JDBC fetch size: none
	Pool: DriverManagerConnectionProviderImpl
	Minimum pool size: 1
	Maximum pool size: 20
2025-11-30 20:13:50,916 INFO [org.hibernate.engine.transaction.jta.platform.internal.JtaPlatformInitiator] - HHH000489: No JTA platform available (set 'hibernate.transaction.jta.platform' to enable JTA platform integration)
2025-11-30 20:14:07,636 INFO [org.hibernate.Version] - HHH000412: Hibernate ORM core version 7.1.10.Final
2025-11-30 20:14:08,055 WARN [org.hibernate.orm.connections.pooling] - HHH10001002: Using built-in connection pool (not intended for production use)
2025-11-30 20:14:08,383 WARN [org.hibernate.orm.deprecation] - HHH90000025: PostgreSQLDialect does not need to be specified explicitly using 'hibernate.dialect' (remove the property setting and it will be selected by default)
2025-11-30 20:14:08,405 INFO [org.hibernate.orm.connections.pooling] - HHH10001005: Database info:
	Database JDBC URL [jdbc:postgresql://localhost:5432/postgres]
	Database driver: PostgreSQL JDBC Driver
	Database dialect: PostgreSQLDialect
	Database version: 18.1
	Default catalog/schema: postgres/public
	Autocommit mode: false
	Isolation level: READ_COMMITTED
	JDBC fetch size: none
	Pool: DriverManagerConnectionProviderImpl
	Minimum pool size: 1
	Maximum pool size: 20
2025-11-30 20:14:09,190 INFO [org.hibernate.engine.transaction.jta.platform.internal.JtaPlatformInitiator] - HHH000489: No JTA platform available (set 'hibernate.transaction.jta.platform' to enable JTA platform integration)
2025-11-30 20:15:07,391 INFO [org.hibernate.Version] - HHH000412: Hibernate ORM core version 7.1.10.Final
2025-11-30 20:15:07,843 WARN [org.hibernate.orm.connections.pooling] - HHH10001002: Using built-in connection pool (not intended for production use)
2025-11-30 20:15:08,214 WARN [org.hibernate.orm.deprecation] - HHH90000025: PostgreSQLDialect does not need to be specified explicitly using 'hibernate.dialect' (remove the property setting and it will be selected by default)
2025-11-30 20:15:08,232 INFO [org.hibernate.orm.connections.pooling] - HHH10001005: Database info:
	Database JDBC URL [jdbc:postgresql://localhost:5432/postgres]
	Database driver: PostgreSQL JDBC Driver
	Database dialect: PostgreSQLDialect
	Database version: 18.1
	Default catalog/schema: postgres/public
	Autocommit mode: false
	Isolation level: READ_COMMITTED
	JDBC fetch size: none
	Pool: DriverManagerConnectionProviderImpl
	Minimum pool size: 1
	Maximum pool size: 20
2025-11-30 20:15:09,011 INFO [org.hibernate.engine.transaction.jta.platform.internal.JtaPlatformInitiator] - HHH000489: No JTA platform available (set 'hibernate.transaction.jta.platform' to enable JTA platform integration)
2025-11-30 20:19:23,526 INFO [org.hibernate.Version] - HHH000412: Hibernate ORM core version 7.1.10.Final
2025-11-30 20:19:23,961 WARN [org.hibernate.orm.connections.pooling] - HHH10001002: Using built-in connection pool (not intended for production use)
2025-11-30 20:19:24,436 WARN [org.hibernate.orm.deprecation] - HHH90000025: PostgreSQLDialect does not need to be specified explicitly using 'hibernate.dialect' (remove the property setting and it will be selected by default)
2025-11-30 20:19:24,459 INFO [org.hibernate.orm.connections.pooling] - HHH10001005: Database info:
	Database JDBC URL [jdbc:postgresql://localhost:5432/postgres]
	Database driver: PostgreSQL JDBC Driver
	Database dialect: PostgreSQLDialect
	Database version: 18.1
	Default catalog/schema: postgres/public
	Autocommit mode: false
	Isolation level: READ_COMMITTED
	JDBC fetch size: none
	Pool: DriverManagerConnectionProviderImpl
	Minimum pool size: 1
	Maximum pool size: 20
2025-11-30 20:19:25,363 INFO [org.hibernate.engine.transaction.jta.platform.internal.JtaPlatformInitiator] - HHH000489: No JTA platform available (set 'hibernate.transaction.jta.platform' to enable JTA platform integration)
2025-11-30 20:19:39,641 INFO [org.hibernate.Version] - HHH000412: Hibernate ORM core version 7.1.10.Final
2025-11-30 20:19:40,049 WARN [org.hibernate.orm.connections.pooling] - HHH10001002: Using built-in connection pool (not intended for production use)
2025-11-30 20:19:40,365 WARN [org.hibernate.orm.deprecation] - HHH90000025: PostgreSQLDialect does not need to be specified explicitly using 'hibernate.dialect' (remove the property setting and it will be selected by default)
2025-11-30 20:19:40,386 INFO [org.hibernate.orm.connections.pooling] - HHH10001005: Database info:
	Database JDBC URL [jdbc:postgresql://localhost:5432/postgres]
	Database driver: PostgreSQL JDBC Driver
	Database dialect: PostgreSQLDialect
	Database version: 18.1
	Default catalog/schema: postgres/public
	Autocommit mode: false
	Isolation level: READ_COMMITTED
	JDBC fetch size: none
	Pool: DriverManagerConnectionProviderImpl
	Minimum pool size: 1
	Maximum pool size: 20
2025-11-30 20:19:41,193 INFO [org.hibernate.engine.transaction.jta.platform.internal.JtaPlatformInitiator] - HHH000489: No JTA platform available (set 'hibernate.transaction.jta.platform' to enable JTA platform integration)
2025-11-30 20:21:19,514 INFO [org.hibernate.Version] - HHH000412: Hibernate ORM core version 7.1.10.Final
2025-11-30 20:21:19,999 WARN [org.hibernate.orm.connections.pooling] - HHH10001002: Using built-in connection pool (not intended for production use)
2025-11-30 20:21:20,382 WARN [org.hibernate.orm.deprecation] - HHH90000025: PostgreSQLDialect does not need to be specified explicitly using 'hibernate.dialect' (remove the property setting and it will be selected by default)
2025-11-30 20:21:20,401 INFO [org.hibernate.orm.connections.pooling] - HHH10001005: Database info:
	Database JDBC URL [jdbc:postgresql://localhost:5432/postgres]
	Database driver: PostgreSQL JDBC Driver
	Database dialect: PostgreSQLDialect
	Database version: 18.1
	Default catalog/schema: postgres/public
	Autocommit mode: false
	Isolation level: READ_COMMITTED
	JDBC fetch size: none
	Pool: DriverManagerConnectionProviderImpl
	Minimum pool size: 1
	Maximum pool size: 20
2025-11-30 20:21:21,228 INFO [org.hibernate.engine.transaction.jta.platform.internal.JtaPlatformInitiator] - HHH000489: No JTA platform available (set 'hibernate.transaction.jta.platform' to enable JTA platform integration)
2025-11-30 20:21:21,333 WARN [org.hibernate.orm.jdbc.error] - HHH000247: ErrorCode: 0, SQLState: 23505
2025-11-30 20:21:21,333 WARN [org.hibernate.orm.jdbc.error] - ОШИБКА: duplicate key value violates unique constraint "company_name_key"
  Подробности: Key (name)=(LL) already exists.
2025-11-30 20:21:21,340 ERROR [cvv.project.HibernateRunner] - Exception in HibernateRunner: 
org.hibernate.exception.ConstraintViolationException: could not execute statement [ОШИБКА: duplicate key value violates unique constraint "company_name_key"
  Подробности: Key (name)=(LL) already exists.] [insert into Company (name) values (?)]
	at org.hibernate.exception.internal.SQLStateConversionDelegate.convert(SQLStateConversionDelegate.java:73)
	at org.hibernate.exception.internal.StandardSQLExceptionConverter.convert(StandardSQLExceptionConverter.java:34)
	at org.hibernate.engine.jdbc.spi.SqlExceptionHelper.convert(SqlExceptionHelper.java:115)
	at org.hibernate.engine.jdbc.internal.ResultSetReturnImpl.executeUpdate(ResultSetReturnImpl.java:193)
	at org.hibernate.id.insert.GetGeneratedKeysDelegate.performMutation(GetGeneratedKeysDelegate.java:103)
	at org.hibernate.engine.jdbc.mutation.internal.MutationExecutorSingleNonBatched.performNonBatchedOperations(MutationExecutorSingleNonBatched.java:45)
	at org.hibernate.engine.jdbc.mutation.internal.AbstractMutationExecutor.execute(AbstractMutationExecutor.java:66)
	at org.hibernate.engine.jdbc.mutation.internal.AbstractMutationExecutor.execute(AbstractMutationExecutor.java:55)
	at org.hibernate.persister.entity.mutation.InsertCoordinatorStandard.doStaticInserts(InsertCoordinatorStandard.java:191)
	at org.hibernate.persister.entity.mutation.InsertCoordinatorStandard.coordinateInsert(InsertCoordinatorStandard.java:129)
	at org.hibernate.persister.entity.mutation.InsertCoordinatorStandard.insert(InsertCoordinatorStandard.java:92)
	at org.hibernate.action.internal.EntityIdentityInsertAction.execute(EntityIdentityInsertAction.java:90)
	at org.hibernate.engine.spi.ActionQueue.execute(ActionQueue.java:684)
	at org.hibernate.engine.spi.ActionQueue.addResolvedEntityInsertAction(ActionQueue.java:291)
	at org.hibernate.engine.spi.ActionQueue.addInsertAction(ActionQueue.java:272)
	at org.hibernate.engine.spi.ActionQueue.addAction(ActionQueue.java:322)
	at org.hibernate.event.internal.AbstractSaveEventListener.addInsertAction(AbstractSaveEventListener.java:376)
	at org.hibernate.event.internal.AbstractSaveEventListener.performSaveOrReplicate(AbstractSaveEventListener.java:290)
	at org.hibernate.event.internal.AbstractSaveEventListener.performSave(AbstractSaveEventListener.java:220)
	at org.hibernate.event.internal.AbstractSaveEventListener.saveWithGeneratedId(AbstractSaveEventListener.java:138)
	at org.hibernate.event.internal.DefaultPersistEventListener.entityIsTransient(DefaultPersistEventListener.java:148)
	at org.hibernate.event.internal.DefaultPersistEventListener.persist(DefaultPersistEventListener.java:92)
	at org.hibernate.event.internal.DefaultPersistEventListener.onPersist(DefaultPersistEventListener.java:76)
	at org.hibernate.event.internal.DefaultPersistEventListener.onPersist(DefaultPersistEventListener.java:52)
	at org.hibernate.event.service.internal.EventListenerGroupImpl.fireEventOnEachListener(EventListenerGroupImpl.java:140)
	at org.hibernate.internal.SessionImpl.firePersist(SessionImpl.java:692)
	at org.hibernate.internal.SessionImpl.persist(SessionImpl.java:676)
	at cvv.project.HibernateRunner.main(HibernateRunner.java:40)
Caused by: org.postgresql.util.PSQLException: ОШИБКА: duplicate key value violates unique constraint "company_name_key"
  Подробности: Key (name)=(LL) already exists.
	at org.postgresql.core.v3.QueryExecutorImpl.receiveErrorResponse(QueryExecutorImpl.java:2725)
	at org.postgresql.core.v3.QueryExecutorImpl.processResults(QueryExecutorImpl.java:2412)
	at org.postgresql.core.v3.QueryExecutorImpl.execute(QueryExecutorImpl.java:371)
	at org.postgresql.jdbc.PgStatement.executeInternal(PgStatement.java:502)
	at org.postgresql.jdbc.PgStatement.execute(PgStatement.java:419)
	at org.postgresql.jdbc.PgPreparedStatement.executeWithFlags(PgPreparedStatement.java:194)
	at org.postgresql.jdbc.PgPreparedStatement.executeUpdate(PgPreparedStatement.java:155)
	at org.hibernate.engine.jdbc.internal.ResultSetReturnImpl.executeUpdate(ResultSetReturnImpl.java:190)
	... 24 more
2025-11-30 20:21:32,548 INFO [org.hibernate.Version] - HHH000412: Hibernate ORM core version 7.1.10.Final
2025-11-30 20:21:33,021 WARN [org.hibernate.orm.connections.pooling] - HHH10001002: Using built-in connection pool (not intended for production use)
2025-11-30 20:21:33,363 WARN [org.hibernate.orm.deprecation] - HHH90000025: PostgreSQLDialect does not need to be specified explicitly using 'hibernate.dialect' (remove the property setting and it will be selected by default)
2025-11-30 20:21:33,388 INFO [org.hibernate.orm.connections.pooling] - HHH10001005: Database info:
	Database JDBC URL [jdbc:postgresql://localhost:5432/postgres]
	Database driver: PostgreSQL JDBC Driver
	Database dialect: PostgreSQLDialect
	Database version: 18.1
	Default catalog/schema: postgres/public
	Autocommit mode: false
	Isolation level: READ_COMMITTED
	JDBC fetch size: none
	Pool: DriverManagerConnectionProviderImpl
	Minimum pool size: 1
	Maximum pool size: 20
2025-11-30 20:21:34,166 INFO [org.hibernate.engine.transaction.jta.platform.internal.JtaPlatformInitiator] - HHH000489: No JTA platform available (set 'hibernate.transaction.jta.platform' to enable JTA platform integration)
2025-11-30 20:21:34,239 WARN [org.hibernate.orm.jdbc.error] - HHH000247: ErrorCode: 0, SQLState: 23505
2025-11-30 20:21:34,241 WARN [org.hibernate.orm.jdbc.error] - ОШИБКА: duplicate key value violates unique constraint "company_name_key"
  Подробности: Key (name)=(LL) already exists.
2025-11-30 20:21:34,248 ERROR [cvv.project.HibernateRunner] - Exception in HibernateRunner: 
org.hibernate.exception.ConstraintViolationException: could not execute statement [ОШИБКА: duplicate key value violates unique constraint "company_name_key"
  Подробности: Key (name)=(LL) already exists.] [insert into Company (name) values (?)]
	at org.hibernate.exception.internal.SQLStateConversionDelegate.convert(SQLStateConversionDelegate.java:73)
	at org.hibernate.exception.internal.StandardSQLExceptionConverter.convert(StandardSQLExceptionConverter.java:34)
	at org.hibernate.engine.jdbc.spi.SqlExceptionHelper.convert(SqlExceptionHelper.java:115)
	at org.hibernate.engine.jdbc.internal.ResultSetReturnImpl.executeUpdate(ResultSetReturnImpl.java:193)
	at org.hibernate.id.insert.GetGeneratedKeysDelegate.performMutation(GetGeneratedKeysDelegate.java:103)
	at org.hibernate.engine.jdbc.mutation.internal.MutationExecutorSingleNonBatched.performNonBatchedOperations(MutationExecutorSingleNonBatched.java:45)
	at org.hibernate.engine.jdbc.mutation.internal.AbstractMutationExecutor.execute(AbstractMutationExecutor.java:66)
	at org.hibernate.engine.jdbc.mutation.internal.AbstractMutationExecutor.execute(AbstractMutationExecutor.java:55)
	at org.hibernate.persister.entity.mutation.InsertCoordinatorStandard.doStaticInserts(InsertCoordinatorStandard.java:191)
	at org.hibernate.persister.entity.mutation.InsertCoordinatorStandard.coordinateInsert(InsertCoordinatorStandard.java:129)
	at org.hibernate.persister.entity.mutation.InsertCoordinatorStandard.insert(InsertCoordinatorStandard.java:92)
	at org.hibernate.action.internal.EntityIdentityInsertAction.execute(EntityIdentityInsertAction.java:90)
	at org.hibernate.engine.spi.ActionQueue.execute(ActionQueue.java:684)
	at org.hibernate.engine.spi.ActionQueue.addResolvedEntityInsertAction(ActionQueue.java:291)
	at org.hibernate.engine.spi.ActionQueue.addInsertAction(ActionQueue.java:272)
	at org.hibernate.engine.spi.ActionQueue.addAction(ActionQueue.java:322)
	at org.hibernate.event.internal.AbstractSaveEventListener.addInsertAction(AbstractSaveEventListener.java:376)
	at org.hibernate.event.internal.AbstractSaveEventListener.performSaveOrReplicate(AbstractSaveEventListener.java:290)
	at org.hibernate.event.internal.AbstractSaveEventListener.performSave(AbstractSaveEventListener.java:220)
	at org.hibernate.event.internal.AbstractSaveEventListener.saveWithGeneratedId(AbstractSaveEventListener.java:138)
	at org.hibernate.event.internal.DefaultPersistEventListener.entityIsTransient(DefaultPersistEventListener.java:148)
	at org.hibernate.event.internal.DefaultPersistEventListener.persist(DefaultPersistEventListener.java:92)
	at org.hibernate.event.internal.DefaultPersistEventListener.onPersist(DefaultPersistEventListener.java:76)
	at org.hibernate.event.service.internal.EventListenerGroupImpl.fireEventOnEachListener(EventListenerGroupImpl.java:151)
	at org.hibernate.internal.SessionImpl.firePersist(SessionImpl.java:733)
	at org.hibernate.internal.SessionImpl.persist(SessionImpl.java:682)
	at org.hibernate.engine.spi.CascadingActions$6.cascade(CascadingActions.java:295)
	at org.hibernate.engine.spi.CascadingActions$6.cascade(CascadingActions.java:282)
	at org.hibernate.engine.internal.Cascade.cascadeToOne(Cascade.java:538)
	at org.hibernate.engine.internal.Cascade.cascadeAssociation(Cascade.java:446)
	at org.hibernate.engine.internal.Cascade.cascadeProperty(Cascade.java:222)
	at org.hibernate.engine.internal.Cascade.cascade(Cascade.java:163)
	at org.hibernate.event.internal.AbstractSaveEventListener.cascadeBeforeSave(AbstractSaveEventListener.java:472)
	at org.hibernate.event.internal.AbstractSaveEventListener.performSaveOrReplicate(AbstractSaveEventListener.java:288)
	at org.hibernate.event.internal.AbstractSaveEventListener.performSave(AbstractSaveEventListener.java:220)
	at org.hibernate.event.internal.AbstractSaveEventListener.saveWithGeneratedId(AbstractSaveEventListener.java:138)
	at org.hibernate.event.internal.DefaultPersistEventListener.entityIsTransient(DefaultPersistEventListener.java:148)
	at org.hibernate.event.internal.DefaultPersistEventListener.persist(DefaultPersistEventListener.java:92)
	at org.hibernate.event.internal.DefaultPersistEventListener.onPersist(DefaultPersistEventListener.java:76)
	at org.hibernate.event.internal.DefaultPersistEventListener.onPersist(DefaultPersistEventListener.java:52)
	at org.hibernate.event.service.internal.EventListenerGroupImpl.fireEventOnEachListener(EventListenerGroupImpl.java:140)
	at org.hibernate.internal.SessionImpl.firePersist(SessionImpl.java:692)
	at org.hibernate.internal.SessionImpl.persist(SessionImpl.java:676)
	at cvv.project.HibernateRunner.main(HibernateRunner.java:41)
Caused by: org.postgresql.util.PSQLException: ОШИБКА: duplicate key value violates unique constraint "company_name_key"
  Подробности: Key (name)=(LL) already exists.
	at org.postgresql.core.v3.QueryExecutorImpl.receiveErrorResponse(QueryExecutorImpl.java:2725)
	at org.postgresql.core.v3.QueryExecutorImpl.processResults(QueryExecutorImpl.java:2412)
	at org.postgresql.core.v3.QueryExecutorImpl.execute(QueryExecutorImpl.java:371)
	at org.postgresql.jdbc.PgStatement.executeInternal(PgStatement.java:502)
	at org.postgresql.jdbc.PgStatement.execute(PgStatement.java:419)
	at org.postgresql.jdbc.PgPreparedStatement.executeWithFlags(PgPreparedStatement.java:194)
	at org.postgresql.jdbc.PgPreparedStatement.executeUpdate(PgPreparedStatement.java:155)
	at org.hibernate.engine.jdbc.internal.ResultSetReturnImpl.executeUpdate(ResultSetReturnImpl.java:190)
	... 40 more
2025-11-30 20:23:17,187 INFO [org.hibernate.Version] - HHH000412: Hibernate ORM core version 7.1.10.Final
2025-11-30 20:23:17,661 WARN [org.hibernate.orm.connections.pooling] - HHH10001002: Using built-in connection pool (not intended for production use)
2025-11-30 20:23:18,137 WARN [org.hibernate.orm.deprecation] - HHH90000025: PostgreSQLDialect does not need to be specified explicitly using 'hibernate.dialect' (remove the property setting and it will be selected by default)
2025-11-30 20:23:18,160 INFO [org.hibernate.orm.connections.pooling] - HHH10001005: Database info:
	Database JDBC URL [jdbc:postgresql://localhost:5432/postgres]
	Database driver: PostgreSQL JDBC Driver
	Database dialect: PostgreSQLDialect
	Database version: 18.1
	Default catalog/schema: postgres/public
	Autocommit mode: false
	Isolation level: READ_COMMITTED
	JDBC fetch size: none
	Pool: DriverManagerConnectionProviderImpl
	Minimum pool size: 1
	Maximum pool size: 20
2025-11-30 20:23:18,941 INFO [org.hibernate.engine.transaction.jta.platform.internal.JtaPlatformInitiator] - HHH000489: No JTA platform available (set 'hibernate.transaction.jta.platform' to enable JTA platform integration)
2025-11-30 20:23:19,051 WARN [org.hibernate.orm.jdbc.error] - HHH000247: ErrorCode: 0, SQLState: 23505
2025-11-30 20:23:19,051 WARN [org.hibernate.orm.jdbc.error] - ОШИБКА: duplicate key value violates unique constraint "company_name_key"
  Подробности: Key (name)=(LL) already exists.
2025-11-30 20:23:19,058 ERROR [cvv.project.HibernateRunner] - Exception in HibernateRunner: 
org.hibernate.exception.ConstraintViolationException: could not execute statement [ОШИБКА: duplicate key value violates unique constraint "company_name_key"
  Подробности: Key (name)=(LL) already exists.] [insert into Company (name) values (?)]
	at org.hibernate.exception.internal.SQLStateConversionDelegate.convert(SQLStateConversionDelegate.java:73)
	at org.hibernate.exception.internal.StandardSQLExceptionConverter.convert(StandardSQLExceptionConverter.java:34)
	at org.hibernate.engine.jdbc.spi.SqlExceptionHelper.convert(SqlExceptionHelper.java:115)
	at org.hibernate.engine.jdbc.internal.ResultSetReturnImpl.executeUpdate(ResultSetReturnImpl.java:193)
	at org.hibernate.id.insert.GetGeneratedKeysDelegate.performMutation(GetGeneratedKeysDelegate.java:103)
	at org.hibernate.engine.jdbc.mutation.internal.MutationExecutorSingleNonBatched.performNonBatchedOperations(MutationExecutorSingleNonBatched.java:45)
	at org.hibernate.engine.jdbc.mutation.internal.AbstractMutationExecutor.execute(AbstractMutationExecutor.java:66)
	at org.hibernate.engine.jdbc.mutation.internal.AbstractMutationExecutor.execute(AbstractMutationExecutor.java:55)
	at org.hibernate.persister.entity.mutation.InsertCoordinatorStandard.doStaticInserts(InsertCoordinatorStandard.java:191)
	at org.hibernate.persister.entity.mutation.InsertCoordinatorStandard.coordinateInsert(InsertCoordinatorStandard.java:129)
	at org.hibernate.persister.entity.mutation.InsertCoordinatorStandard.insert(InsertCoordinatorStandard.java:92)
	at org.hibernate.action.internal.EntityIdentityInsertAction.execute(EntityIdentityInsertAction.java:90)
	at org.hibernate.engine.spi.ActionQueue.execute(ActionQueue.java:684)
	at org.hibernate.engine.spi.ActionQueue.addResolvedEntityInsertAction(ActionQueue.java:291)
	at org.hibernate.engine.spi.ActionQueue.addInsertAction(ActionQueue.java:272)
	at org.hibernate.engine.spi.ActionQueue.addAction(ActionQueue.java:322)
	at org.hibernate.event.internal.AbstractSaveEventListener.addInsertAction(AbstractSaveEventListener.java:376)
	at org.hibernate.event.internal.AbstractSaveEventListener.performSaveOrReplicate(AbstractSaveEventListener.java:290)
	at org.hibernate.event.internal.AbstractSaveEventListener.performSave(AbstractSaveEventListener.java:220)
	at org.hibernate.event.internal.AbstractSaveEventListener.saveWithGeneratedId(AbstractSaveEventListener.java:138)
	at org.hibernate.event.internal.DefaultMergeEventListener.saveTransientEntity(DefaultMergeEventListener.java:403)
	at org.hibernate.event.internal.DefaultMergeEventListener.entityIsTransient(DefaultMergeEventListener.java:311)
	at org.hibernate.event.internal.DefaultMergeEventListener.merge(DefaultMergeEventListener.java:208)
	at org.hibernate.event.internal.DefaultMergeEventListener.doMerge(DefaultMergeEventListener.java:149)
	at org.hibernate.event.internal.DefaultMergeEventListener.onMerge(DefaultMergeEventListener.java:133)
	at org.hibernate.event.service.internal.EventListenerGroupImpl.fireEventOnEachListener(EventListenerGroupImpl.java:151)
	at org.hibernate.internal.SessionImpl.fireMerge(SessionImpl.java:818)
	at org.hibernate.internal.SessionImpl.merge(SessionImpl.java:789)
	at org.hibernate.engine.spi.CascadingActions$5.cascade(CascadingActions.java:255)
	at org.hibernate.engine.spi.CascadingActions$5.cascade(CascadingActions.java:242)
	at org.hibernate.engine.internal.Cascade.cascadeToOne(Cascade.java:538)
	at org.hibernate.engine.internal.Cascade.cascadeAssociation(Cascade.java:446)
	at org.hibernate.engine.internal.Cascade.cascadeProperty(Cascade.java:222)
	at org.hibernate.engine.internal.Cascade.cascade(Cascade.java:163)
	at org.hibernate.event.internal.DefaultMergeEventListener.cascadeOnMerge(DefaultMergeEventListener.java:635)
	at org.hibernate.event.internal.DefaultMergeEventListener.entityIsPersistent(DefaultMergeEventListener.java:276)
	at org.hibernate.event.internal.DefaultMergeEventListener.merge(DefaultMergeEventListener.java:211)
	at org.hibernate.event.internal.DefaultMergeEventListener.doMerge(DefaultMergeEventListener.java:149)
	at org.hibernate.event.internal.DefaultMergeEventListener.onMerge(DefaultMergeEventListener.java:133)
	at org.hibernate.event.internal.DefaultMergeEventListener.onMerge(DefaultMergeEventListener.java:89)
	at org.hibernate.event.service.internal.EventListenerGroupImpl.fireEventOnEachListener(EventListenerGroupImpl.java:140)
	at org.hibernate.internal.SessionImpl.fireMerge(SessionImpl.java:797)
	at org.hibernate.internal.SessionImpl.merge(SessionImpl.java:783)
	at cvv.project.HibernateRunner.main(HibernateRunner.java:43)
Caused by: org.postgresql.util.PSQLException: ОШИБКА: duplicate key value violates unique constraint "company_name_key"
  Подробности: Key (name)=(LL) already exists.
	at org.postgresql.core.v3.QueryExecutorImpl.receiveErrorResponse(QueryExecutorImpl.java:2725)
	at org.postgresql.core.v3.QueryExecutorImpl.processResults(QueryExecutorImpl.java:2412)
	at org.postgresql.core.v3.QueryExecutorImpl.execute(QueryExecutorImpl.java:371)
	at org.postgresql.jdbc.PgStatement.executeInternal(PgStatement.java:502)
	at org.postgresql.jdbc.PgStatement.execute(PgStatement.java:419)
	at org.postgresql.jdbc.PgPreparedStatement.executeWithFlags(PgPreparedStatement.java:194)
	at org.postgresql.jdbc.PgPreparedStatement.executeUpdate(PgPreparedStatement.java:155)
	at org.hibernate.engine.jdbc.internal.ResultSetReturnImpl.executeUpdate(ResultSetReturnImpl.java:190)
	... 40 more
2025-11-30 20:23:46,160 INFO [org.hibernate.Version] - HHH000412: Hibernate ORM core version 7.1.10.Final
2025-11-30 20:23:46,638 WARN [org.hibernate.orm.connections.pooling] - HHH10001002: Using built-in connection pool (not intended for production use)
2025-11-30 20:23:47,047 WARN [org.hibernate.orm.deprecation] - HHH90000025: PostgreSQLDialect does not need to be specified explicitly using 'hibernate.dialect' (remove the property setting and it will be selected by default)
2025-11-30 20:23:47,072 INFO [org.hibernate.orm.connections.pooling] - HHH10001005: Database info:
	Database JDBC URL [jdbc:postgresql://localhost:5432/postgres]
	Database driver: PostgreSQL JDBC Driver
	Database dialect: PostgreSQLDialect
	Database version: 18.1
	Default catalog/schema: postgres/public
	Autocommit mode: false
	Isolation level: READ_COMMITTED
	JDBC fetch size: none
	Pool: DriverManagerConnectionProviderImpl
	Minimum pool size: 1
	Maximum pool size: 20
2025-11-30 20:23:53,165 INFO [org.hibernate.Version] - HHH000412: Hibernate ORM core version 7.1.10.Final
2025-11-30 20:23:53,616 WARN [org.hibernate.orm.connections.pooling] - HHH10001002: Using built-in connection pool (not intended for production use)
2025-11-30 20:23:53,942 WARN [org.hibernate.orm.deprecation] - HHH90000025: PostgreSQLDialect does not need to be specified explicitly using 'hibernate.dialect' (remove the property setting and it will be selected by default)
2025-11-30 20:23:53,958 INFO [org.hibernate.orm.connections.pooling] - HHH10001005: Database info:
	Database JDBC URL [jdbc:postgresql://localhost:5432/postgres]
	Database driver: PostgreSQL JDBC Driver
	Database dialect: PostgreSQLDialect
	Database version: 18.1
	Default catalog/schema: postgres/public
	Autocommit mode: false
	Isolation level: READ_COMMITTED
	JDBC fetch size: none
	Pool: DriverManagerConnectionProviderImpl
	Minimum pool size: 1
	Maximum pool size: 20
2025-11-30 20:23:54,808 INFO [org.hibernate.engine.transaction.jta.platform.internal.JtaPlatformInitiator] - HHH000489: No JTA platform available (set 'hibernate.transaction.jta.platform' to enable JTA platform integration)
2025-11-30 20:24:12,827 INFO [org.hibernate.Version] - HHH000412: Hibernate ORM core version 7.1.10.Final
2025-11-30 20:24:13,246 WARN [org.hibernate.orm.connections.pooling] - HHH10001002: Using built-in connection pool (not intended for production use)
2025-11-30 20:24:13,585 WARN [org.hibernate.orm.deprecation] - HHH90000025: PostgreSQLDialect does not need to be specified explicitly using 'hibernate.dialect' (remove the property setting and it will be selected by default)
2025-11-30 20:24:13,606 INFO [org.hibernate.orm.connections.pooling] - HHH10001005: Database info:
	Database JDBC URL [jdbc:postgresql://localhost:5432/postgres]
	Database driver: PostgreSQL JDBC Driver
	Database dialect: PostgreSQLDialect
	Database version: 18.1
	Default catalog/schema: postgres/public
	Autocommit mode: false
	Isolation level: READ_COMMITTED
	JDBC fetch size: none
	Pool: DriverManagerConnectionProviderImpl
	Minimum pool size: 1
	Maximum pool size: 20
2025-11-30 20:24:14,428 INFO [org.hibernate.engine.transaction.jta.platform.internal.JtaPlatformInitiator] - HHH000489: No JTA platform available (set 'hibernate.transaction.jta.platform' to enable JTA platform integration)
2025-11-30 20:27:45,228 INFO [org.hibernate.Version] - HHH000412: Hibernate ORM core version 7.1.10.Final
2025-11-30 20:27:45,722 WARN [org.hibernate.orm.connections.pooling] - HHH10001002: Using built-in connection pool (not intended for production use)
2025-11-30 20:27:46,062 WARN [org.hibernate.orm.deprecation] - HHH90000025: PostgreSQLDialect does not need to be specified explicitly using 'hibernate.dialect' (remove the property setting and it will be selected by default)
2025-11-30 20:27:46,082 INFO [org.hibernate.orm.connections.pooling] - HHH10001005: Database info:
	Database JDBC URL [jdbc:postgresql://localhost:5432/postgres]
	Database driver: PostgreSQL JDBC Driver
	Database dialect: PostgreSQLDialect
	Database version: 18.1
	Default catalog/schema: postgres/public
	Autocommit mode: false
	Isolation level: READ_COMMITTED
	JDBC fetch size: none
	Pool: DriverManagerConnectionProviderImpl
	Minimum pool size: 1
	Maximum pool size: 20
2025-11-30 20:27:46,942 INFO [org.hibernate.engine.transaction.jta.platform.internal.JtaPlatformInitiator] - HHH000489: No JTA platform available (set 'hibernate.transaction.jta.platform' to enable JTA platform integration)
2025-11-30 20:28:25,951 INFO [org.hibernate.Version] - HHH000412: Hibernate ORM core version 7.1.10.Final
2025-11-30 20:28:26,380 WARN [org.hibernate.orm.connections.pooling] - HHH10001002: Using built-in connection pool (not intended for production use)
2025-11-30 20:28:26,737 WARN [org.hibernate.orm.deprecation] - HHH90000025: PostgreSQLDialect does not need to be specified explicitly using 'hibernate.dialect' (remove the property setting and it will be selected by default)
2025-11-30 20:28:26,759 INFO [org.hibernate.orm.connections.pooling] - HHH10001005: Database info:
	Database JDBC URL [jdbc:postgresql://localhost:5432/postgres]
	Database driver: PostgreSQL JDBC Driver
	Database dialect: PostgreSQLDialect
	Database version: 18.1
	Default catalog/schema: postgres/public
	Autocommit mode: false
	Isolation level: READ_COMMITTED
	JDBC fetch size: none
	Pool: DriverManagerConnectionProviderImpl
	Minimum pool size: 1
	Maximum pool size: 20
2025-11-30 20:28:27,586 INFO [org.hibernate.engine.transaction.jta.platform.internal.JtaPlatformInitiator] - HHH000489: No JTA platform available (set 'hibernate.transaction.jta.platform' to enable JTA platform integration)
2025-11-30 20:29:19,014 INFO [org.hibernate.Version] - HHH000412: Hibernate ORM core version 7.1.10.Final
2025-11-30 20:29:19,437 WARN [org.hibernate.orm.connections.pooling] - HHH10001002: Using built-in connection pool (not intended for production use)
2025-11-30 20:29:19,789 WARN [org.hibernate.orm.deprecation] - HHH90000025: PostgreSQLDialect does not need to be specified explicitly using 'hibernate.dialect' (remove the property setting and it will be selected by default)
2025-11-30 20:29:19,808 INFO [org.hibernate.orm.connections.pooling] - HHH10001005: Database info:
	Database JDBC URL [jdbc:postgresql://localhost:5432/postgres]
	Database driver: PostgreSQL JDBC Driver
	Database dialect: PostgreSQLDialect
	Database version: 18.1
	Default catalog/schema: postgres/public
	Autocommit mode: false
	Isolation level: READ_COMMITTED
	JDBC fetch size: none
	Pool: DriverManagerConnectionProviderImpl
	Minimum pool size: 1
	Maximum pool size: 20
2025-11-30 20:29:20,617 INFO [org.hibernate.engine.transaction.jta.platform.internal.JtaPlatformInitiator] - HHH000489: No JTA platform available (set 'hibernate.transaction.jta.platform' to enable JTA platform integration)
2025-11-30 20:32:12,850 INFO [org.hibernate.Version] - HHH000412: Hibernate ORM core version 7.1.10.Final
2025-11-30 20:32:13,304 WARN [org.hibernate.orm.connections.pooling] - HHH10001002: Using built-in connection pool (not intended for production use)
2025-11-30 20:32:13,638 WARN [org.hibernate.orm.deprecation] - HHH90000025: PostgreSQLDialect does not need to be specified explicitly using 'hibernate.dialect' (remove the property setting and it will be selected by default)
2025-11-30 20:32:13,659 INFO [org.hibernate.orm.connections.pooling] - HHH10001005: Database info:
	Database JDBC URL [jdbc:postgresql://localhost:5432/postgres]
	Database driver: PostgreSQL JDBC Driver
	Database dialect: PostgreSQLDialect
	Database version: 18.1
	Default catalog/schema: postgres/public
	Autocommit mode: false
	Isolation level: READ_COMMITTED
	JDBC fetch size: none
	Pool: DriverManagerConnectionProviderImpl
	Minimum pool size: 1
	Maximum pool size: 20
2025-11-30 20:32:14,454 INFO [org.hibernate.engine.transaction.jta.platform.internal.JtaPlatformInitiator] - HHH000489: No JTA platform available (set 'hibernate.transaction.jta.platform' to enable JTA platform integration)
2025-11-30 20:42:37,504 INFO [org.hibernate.Version] - HHH000412: Hibernate ORM core version 7.1.10.Final
2025-11-30 20:42:38,006 WARN [org.hibernate.orm.connections.pooling] - HHH10001002: Using built-in connection pool (not intended for production use)
2025-11-30 20:42:39,017 WARN [org.hibernate.orm.deprecation] - HHH90000025: PostgreSQLDialect does not need to be specified explicitly using 'hibernate.dialect' (remove the property setting and it will be selected by default)
2025-11-30 20:42:39,072 INFO [org.hibernate.orm.connections.pooling] - HHH10001005: Database info:
	Database JDBC URL [jdbc:postgresql://localhost:5432/postgres]
	Database driver: PostgreSQL JDBC Driver
	Database dialect: PostgreSQLDialect
	Database version: 18.1
	Default catalog/schema: postgres/public
	Autocommit mode: false
	Isolation level: READ_COMMITTED
	JDBC fetch size: none
	Pool: DriverManagerConnectionProviderImpl
	Minimum pool size: 1
	Maximum pool size: 20
2025-11-30 20:42:43,791 INFO [org.hibernate.engine.transaction.jta.platform.internal.JtaPlatformInitiator] - HHH000489: No JTA platform available (set 'hibernate.transaction.jta.platform' to enable JTA platform integration)
2025-11-30 20:42:49,771 INFO [org.hibernate.Version] - HHH000412: Hibernate ORM core version 7.1.10.Final
2025-11-30 20:42:50,204 WARN [org.hibernate.orm.connections.pooling] - HHH10001002: Using built-in connection pool (not intended for production use)
2025-11-30 20:42:50,539 WARN [org.hibernate.orm.deprecation] - HHH90000025: PostgreSQLDialect does not need to be specified explicitly using 'hibernate.dialect' (remove the property setting and it will be selected by default)
2025-11-30 20:42:50,560 INFO [org.hibernate.orm.connections.pooling] - HHH10001005: Database info:
	Database JDBC URL [jdbc:postgresql://localhost:5432/postgres]
	Database driver: PostgreSQL JDBC Driver
	Database dialect: PostgreSQLDialect
	Database version: 18.1
	Default catalog/schema: postgres/public
	Autocommit mode: false
	Isolation level: READ_COMMITTED
	JDBC fetch size: none
	Pool: DriverManagerConnectionProviderImpl
	Minimum pool size: 1
	Maximum pool size: 20
2025-11-30 20:42:51,390 INFO [org.hibernate.engine.transaction.jta.platform.internal.JtaPlatformInitiator] - HHH000489: No JTA platform available (set 'hibernate.transaction.jta.platform' to enable JTA platform integration)
2025-11-30 20:43:38,774 INFO [org.hibernate.Version] - HHH000412: Hibernate ORM core version 7.1.10.Final
2025-11-30 20:43:39,187 WARN [org.hibernate.orm.connections.pooling] - HHH10001002: Using built-in connection pool (not intended for production use)
2025-11-30 20:43:39,553 WARN [org.hibernate.orm.deprecation] - HHH90000025: PostgreSQLDialect does not need to be specified explicitly using 'hibernate.dialect' (remove the property setting and it will be selected by default)
2025-11-30 20:43:39,575 INFO [org.hibernate.orm.connections.pooling] - HHH10001005: Database info:
	Database JDBC URL [jdbc:postgresql://localhost:5432/postgres]
	Database driver: PostgreSQL JDBC Driver
	Database dialect: PostgreSQLDialect
	Database version: 18.1
	Default catalog/schema: postgres/public
	Autocommit mode: false
	Isolation level: READ_COMMITTED
	JDBC fetch size: none
	Pool: DriverManagerConnectionProviderImpl
	Minimum pool size: 1
	Maximum pool size: 20
2025-11-30 20:43:40,363 INFO [org.hibernate.engine.transaction.jta.platform.internal.JtaPlatformInitiator] - HHH000489: No JTA platform available (set 'hibernate.transaction.jta.platform' to enable JTA platform integration)
2025-12-01 08:43:38,949 INFO [org.hibernate.Version] - HHH000412: Hibernate ORM core version 7.1.10.Final
2025-12-01 08:43:39,479 WARN [org.hibernate.orm.connections.pooling] - HHH10001002: Using built-in connection pool (not intended for production use)
2025-12-01 08:43:39,915 WARN [org.hibernate.orm.deprecation] - HHH90000025: PostgreSQLDialect does not need to be specified explicitly using 'hibernate.dialect' (remove the property setting and it will be selected by default)
2025-12-01 08:43:39,947 INFO [org.hibernate.orm.connections.pooling] - HHH10001005: Database info:
	Database JDBC URL [jdbc:postgresql://localhost:5432/postgres]
	Database driver: PostgreSQL JDBC Driver
	Database dialect: PostgreSQLDialect
	Database version: 18.1
	Default catalog/schema: postgres/public
	Autocommit mode: false
	Isolation level: READ_COMMITTED
	JDBC fetch size: none
	Pool: DriverManagerConnectionProviderImpl
	Minimum pool size: 1
	Maximum pool size: 20
2025-12-01 08:43:45,096 INFO [org.hibernate.Version] - HHH000412: Hibernate ORM core version 7.1.10.Final
2025-12-01 08:43:45,569 WARN [org.hibernate.orm.connections.pooling] - HHH10001002: Using built-in connection pool (not intended for production use)
2025-12-01 08:43:45,949 WARN [org.hibernate.orm.deprecation] - HHH90000025: PostgreSQLDialect does not need to be specified explicitly using 'hibernate.dialect' (remove the property setting and it will be selected by default)
2025-12-01 08:43:45,971 INFO [org.hibernate.orm.connections.pooling] - HHH10001005: Database info:
	Database JDBC URL [jdbc:postgresql://localhost:5432/postgres]
	Database driver: PostgreSQL JDBC Driver
	Database dialect: PostgreSQLDialect
	Database version: 18.1
	Default catalog/schema: postgres/public
	Autocommit mode: false
	Isolation level: READ_COMMITTED
	JDBC fetch size: none
	Pool: DriverManagerConnectionProviderImpl
	Minimum pool size: 1
	Maximum pool size: 20
2025-12-01 08:44:08,517 INFO [org.hibernate.Version] - HHH000412: Hibernate ORM core version 7.1.10.Final
2025-12-01 08:44:08,985 WARN [org.hibernate.orm.connections.pooling] - HHH10001002: Using built-in connection pool (not intended for production use)
2025-12-01 08:44:09,340 WARN [org.hibernate.orm.deprecation] - HHH90000025: PostgreSQLDialect does not need to be specified explicitly using 'hibernate.dialect' (remove the property setting and it will be selected by default)
2025-12-01 08:44:09,367 INFO [org.hibernate.orm.connections.pooling] - HHH10001005: Database info:
	Database JDBC URL [jdbc:postgresql://localhost:5432/postgres]
	Database driver: PostgreSQL JDBC Driver
	Database dialect: PostgreSQLDialect
	Database version: 18.1
	Default catalog/schema: postgres/public
	Autocommit mode: false
	Isolation level: READ_COMMITTED
	JDBC fetch size: none
	Pool: DriverManagerConnectionProviderImpl
	Minimum pool size: 1
	Maximum pool size: 20
2025-12-01 08:44:21,048 INFO [org.hibernate.Version] - HHH000412: Hibernate ORM core version 7.1.10.Final
2025-12-01 08:44:21,518 WARN [org.hibernate.orm.connections.pooling] - HHH10001002: Using built-in connection pool (not intended for production use)
2025-12-01 08:44:21,882 WARN [org.hibernate.orm.deprecation] - HHH90000025: PostgreSQLDialect does not need to be specified explicitly using 'hibernate.dialect' (remove the property setting and it will be selected by default)
2025-12-01 08:44:21,905 INFO [org.hibernate.orm.connections.pooling] - HHH10001005: Database info:
	Database JDBC URL [jdbc:postgresql://localhost:5432/postgres]
	Database driver: PostgreSQL JDBC Driver
	Database dialect: PostgreSQLDialect
	Database version: 18.1
	Default catalog/schema: postgres/public
	Autocommit mode: false
	Isolation level: READ_COMMITTED
	JDBC fetch size: none
	Pool: DriverManagerConnectionProviderImpl
	Minimum pool size: 1
	Maximum pool size: 20
2025-12-01 08:45:35,716 INFO [org.hibernate.Version] - HHH000412: Hibernate ORM core version 7.1.10.Final
2025-12-01 08:45:36,149 WARN [org.hibernate.orm.connections.pooling] - HHH10001002: Using built-in connection pool (not intended for production use)
2025-12-01 08:45:36,462 WARN [org.hibernate.orm.deprecation] - HHH90000025: PostgreSQLDialect does not need to be specified explicitly using 'hibernate.dialect' (remove the property setting and it will be selected by default)
2025-12-01 08:45:36,486 INFO [org.hibernate.orm.connections.pooling] - HHH10001005: Database info:
	Database JDBC URL [jdbc:postgresql://localhost:5432/postgres]
	Database driver: PostgreSQL JDBC Driver
	Database dialect: PostgreSQLDialect
	Database version: 18.1
	Default catalog/schema: postgres/public
	Autocommit mode: false
	Isolation level: READ_COMMITTED
	JDBC fetch size: none
	Pool: DriverManagerConnectionProviderImpl
	Minimum pool size: 1
	Maximum pool size: 20
2025-12-01 08:45:37,548 INFO [org.hibernate.engine.transaction.jta.platform.internal.JtaPlatformInitiator] - HHH000489: No JTA platform available (set 'hibernate.transaction.jta.platform' to enable JTA platform integration)
2025-12-01 08:45:37,638 WARN [org.hibernate.orm.jdbc.error] - HHH000247: ErrorCode: 0, SQLState: 23505
2025-12-01 08:45:37,638 WARN [org.hibernate.orm.jdbc.error] - ОШИБКА: duplicate key value violates unique constraint "users_username_key"
  Подробности: Key (username)=(nikita@gmail.com) already exists.
2025-12-01 08:46:00,956 INFO [org.hibernate.Version] - HHH000412: Hibernate ORM core version 7.1.10.Final
2025-12-01 08:46:01,409 WARN [org.hibernate.orm.connections.pooling] - HHH10001002: Using built-in connection pool (not intended for production use)
2025-12-01 08:46:01,768 WARN [org.hibernate.orm.deprecation] - HHH90000025: PostgreSQLDialect does not need to be specified explicitly using 'hibernate.dialect' (remove the property setting and it will be selected by default)
2025-12-01 08:46:01,799 INFO [org.hibernate.orm.connections.pooling] - HHH10001005: Database info:
	Database JDBC URL [jdbc:postgresql://localhost:5432/postgres]
	Database driver: PostgreSQL JDBC Driver
	Database dialect: PostgreSQLDialect
	Database version: 18.1
	Default catalog/schema: postgres/public
	Autocommit mode: false
	Isolation level: READ_COMMITTED
	JDBC fetch size: none
	Pool: DriverManagerConnectionProviderImpl
	Minimum pool size: 1
	Maximum pool size: 20
2025-12-01 08:46:02,739 INFO [org.hibernate.engine.transaction.jta.platform.internal.JtaPlatformInitiator] - HHH000489: No JTA platform available (set 'hibernate.transaction.jta.platform' to enable JTA platform integration)
2025-12-01 08:46:02,819 WARN [org.hibernate.orm.jdbc.error] - HHH000247: ErrorCode: 0, SQLState: 23505
2025-12-01 08:46:02,819 WARN [org.hibernate.orm.jdbc.error] - ОШИБКА: duplicate key value violates unique constraint "users_username_key"
  Подробности: Key (username)=(nikita55@gmail.com) already exists.
2025-12-01 08:47:03,038 INFO [org.hibernate.Version] - HHH000412: Hibernate ORM core version 7.1.10.Final
2025-12-01 08:47:03,484 WARN [org.hibernate.orm.connections.pooling] - HHH10001002: Using built-in connection pool (not intended for production use)
2025-12-01 08:47:03,950 WARN [org.hibernate.orm.deprecation] - HHH90000025: PostgreSQLDialect does not need to be specified explicitly using 'hibernate.dialect' (remove the property setting and it will be selected by default)
2025-12-01 08:47:03,973 INFO [org.hibernate.orm.connections.pooling] - HHH10001005: Database info:
	Database JDBC URL [jdbc:postgresql://localhost:5432/postgres]
	Database driver: PostgreSQL JDBC Driver
	Database dialect: PostgreSQLDialect
	Database version: 18.1
	Default catalog/schema: postgres/public
	Autocommit mode: false
	Isolation level: READ_COMMITTED
	JDBC fetch size: none
	Pool: DriverManagerConnectionProviderImpl
	Minimum pool size: 1
	Maximum pool size: 20
2025-12-01 08:47:04,949 INFO [org.hibernate.engine.transaction.jta.platform.internal.JtaPlatformInitiator] - HHH000489: No JTA platform available (set 'hibernate.transaction.jta.platform' to enable JTA platform integration)
2025-12-01 08:47:05,030 WARN [org.hibernate.orm.jdbc.error] - HHH000247: ErrorCode: 0, SQLState: 23505
2025-12-01 08:47:05,030 WARN [org.hibernate.orm.jdbc.error] - ОШИБКА: duplicate key value violates unique constraint "users_username_key"
  Подробности: Key (username)=(nikita55@gmail.com) already exists.
2025-12-01 08:47:12,633 INFO [org.hibernate.Version] - HHH000412: Hibernate ORM core version 7.1.10.Final
2025-12-01 08:47:13,189 WARN [org.hibernate.orm.connections.pooling] - HHH10001002: Using built-in connection pool (not intended for production use)
2025-12-01 08:47:13,630 WARN [org.hibernate.orm.deprecation] - HHH90000025: PostgreSQLDialect does not need to be specified explicitly using 'hibernate.dialect' (remove the property setting and it will be selected by default)
2025-12-01 08:47:13,655 INFO [org.hibernate.orm.connections.pooling] - HHH10001005: Database info:
	Database JDBC URL [jdbc:postgresql://localhost:5432/postgres]
	Database driver: PostgreSQL JDBC Driver
	Database dialect: PostgreSQLDialect
	Database version: 18.1
	Default catalog/schema: postgres/public
	Autocommit mode: false
	Isolation level: READ_COMMITTED
	JDBC fetch size: none
	Pool: DriverManagerConnectionProviderImpl
	Minimum pool size: 1
	Maximum pool size: 20
2025-12-01 08:47:14,763 INFO [org.hibernate.engine.transaction.jta.platform.internal.JtaPlatformInitiator] - HHH000489: No JTA platform available (set 'hibernate.transaction.jta.platform' to enable JTA platform integration)
2025-12-01 08:47:14,871 WARN [org.hibernate.orm.jdbc.error] - HHH000247: ErrorCode: 0, SQLState: 23505
2025-12-01 08:47:14,871 WARN [org.hibernate.orm.jdbc.error] - ОШИБКА: duplicate key value violates unique constraint "users_username_key"
  Подробности: Key (username)=(nikita55123@gmail.com) already exists.
2025-12-01 08:48:03,658 INFO [org.hibernate.Version] - HHH000412: Hibernate ORM core version 7.1.10.Final
2025-12-01 08:48:04,132 WARN [org.hibernate.orm.connections.pooling] - HHH10001002: Using built-in connection pool (not intended for production use)
2025-12-01 08:48:04,485 WARN [org.hibernate.orm.deprecation] - HHH90000025: PostgreSQLDialect does not need to be specified explicitly using 'hibernate.dialect' (remove the property setting and it will be selected by default)
2025-12-01 08:48:04,509 INFO [org.hibernate.orm.connections.pooling] - HHH10001005: Database info:
	Database JDBC URL [jdbc:postgresql://localhost:5432/postgres]
	Database driver: PostgreSQL JDBC Driver
	Database dialect: PostgreSQLDialect
	Database version: 18.1
	Default catalog/schema: postgres/public
	Autocommit mode: false
	Isolation level: READ_COMMITTED
	JDBC fetch size: none
	Pool: DriverManagerConnectionProviderImpl
	Minimum pool size: 1
	Maximum pool size: 20
2025-12-01 08:48:05,492 INFO [org.hibernate.engine.transaction.jta.platform.internal.JtaPlatformInitiator] - HHH000489: No JTA platform available (set 'hibernate.transaction.jta.platform' to enable JTA platform integration)
2025-12-01 08:48:05,574 WARN [org.hibernate.orm.jdbc.error] - HHH000247: ErrorCode: 0, SQLState: 23505
2025-12-01 08:48:05,574 WARN [org.hibernate.orm.jdbc.error] - ОШИБКА: duplicate key value violates unique constraint "users_username_key"
  Подробности: Key (username)=(nikita55123@gmail.com) already exists.
2025-12-01 08:48:49,080 INFO [org.hibernate.Version] - HHH000412: Hibernate ORM core version 7.1.10.Final
2025-12-01 08:48:49,557 WARN [org.hibernate.orm.connections.pooling] - HHH10001002: Using built-in connection pool (not intended for production use)
2025-12-01 08:48:49,915 WARN [org.hibernate.orm.deprecation] - HHH90000025: PostgreSQLDialect does not need to be specified explicitly using 'hibernate.dialect' (remove the property setting and it will be selected by default)
2025-12-01 08:48:49,938 INFO [org.hibernate.orm.connections.pooling] - HHH10001005: Database info:
	Database JDBC URL [jdbc:postgresql://localhost:5432/postgres]
	Database driver: PostgreSQL JDBC Driver
	Database dialect: PostgreSQLDialect
	Database version: 18.1
	Default catalog/schema: postgres/public
	Autocommit mode: false
	Isolation level: READ_COMMITTED
	JDBC fetch size: none
	Pool: DriverManagerConnectionProviderImpl
	Minimum pool size: 1
	Maximum pool size: 20
2025-12-01 08:48:50,814 INFO [org.hibernate.engine.transaction.jta.platform.internal.JtaPlatformInitiator] - HHH000489: No JTA platform available (set 'hibernate.transaction.jta.platform' to enable JTA platform integration)
2025-12-01 08:48:50,891 WARN [org.hibernate.orm.jdbc.error] - HHH000247: ErrorCode: 0, SQLState: 23505
2025-12-01 08:48:50,891 WARN [org.hibernate.orm.jdbc.error] - ОШИБКА: duplicate key value violates unique constraint "users_username_key"
  Подробности: Key (username)=(egor@gmail.com) already exists.
2025-12-01 08:50:28,405 INFO [org.hibernate.Version] - HHH000412: Hibernate ORM core version 7.1.10.Final
2025-12-01 08:50:28,864 WARN [org.hibernate.orm.connections.pooling] - HHH10001002: Using built-in connection pool (not intended for production use)
2025-12-01 08:50:29,222 WARN [org.hibernate.orm.deprecation] - HHH90000025: PostgreSQLDialect does not need to be specified explicitly using 'hibernate.dialect' (remove the property setting and it will be selected by default)
2025-12-01 08:50:29,246 INFO [org.hibernate.orm.connections.pooling] - HHH10001005: Database info:
	Database JDBC URL [jdbc:postgresql://localhost:5432/postgres]
	Database driver: PostgreSQL JDBC Driver
	Database dialect: PostgreSQLDialect
	Database version: 18.1
	Default catalog/schema: postgres/public
	Autocommit mode: false
	Isolation level: READ_COMMITTED
	JDBC fetch size: none
	Pool: DriverManagerConnectionProviderImpl
	Minimum pool size: 1
	Maximum pool size: 20
2025-12-01 08:50:30,163 INFO [org.hibernate.engine.transaction.jta.platform.internal.JtaPlatformInitiator] - HHH000489: No JTA platform available (set 'hibernate.transaction.jta.platform' to enable JTA platform integration)
2025-12-01 08:50:30,240 WARN [org.hibernate.orm.jdbc.error] - HHH000247: ErrorCode: 0, SQLState: 23505
2025-12-01 08:50:30,241 WARN [org.hibernate.orm.jdbc.error] - ОШИБКА: duplicate key value violates unique constraint "users_username_key"
  Подробности: Key (username)=(egor78406692874700@gmail.com) already exists.
2025-12-01 08:52:19,101 INFO [org.hibernate.Version] - HHH000412: Hibernate ORM core version 7.1.10.Final
2025-12-01 08:52:19,534 WARN [org.hibernate.orm.connections.pooling] - HHH10001002: Using built-in connection pool (not intended for production use)
2025-12-01 08:52:19,890 WARN [org.hibernate.orm.deprecation] - HHH90000025: PostgreSQLDialect does not need to be specified explicitly using 'hibernate.dialect' (remove the property setting and it will be selected by default)
2025-12-01 08:52:19,909 INFO [org.hibernate.orm.connections.pooling] - HHH10001005: Database info:
	Database JDBC URL [jdbc:postgresql://localhost:5432/postgres]
	Database driver: PostgreSQL JDBC Driver
	Database dialect: PostgreSQLDialect
	Database version: 18.1
	Default catalog/schema: postgres/public
	Autocommit mode: false
	Isolation level: READ_COMMITTED
	JDBC fetch size: none
	Pool: DriverManagerConnectionProviderImpl
	Minimum pool size: 1
	Maximum pool size: 20
2025-12-01 08:52:20,770 INFO [org.hibernate.engine.transaction.jta.platform.internal.JtaPlatformInitiator] - HHH000489: No JTA platform available (set 'hibernate.transaction.jta.platform' to enable JTA platform integration)
